INFO	[2021-03-27 20:45:49:828] <28974> START INIPHP cancel (NV5053-20190404)(OS:Linux5.4.0-1029-aws,PHP:7.3.19-1+ubuntu18.04.1+deb.sury.org+1)
DEBUG	[2021-03-27 20:45:49:828] <28974> inipayhome:/home/niconicomall/www/shop/inicis
DEBUG	[2021-03-27 20:45:49:828] <28974> debug:false
DEBUG	[2021-03-27 20:45:49:828] <28974> encMethod:openssl
DEBUG	[2021-03-27 20:45:49:828] <28974> type:cancel
DEBUG	[2021-03-27 20:45:49:828] <28974> mid:Niconico88
DEBUG	[2021-03-27 20:45:49:828] <28974> admin:1111
DEBUG	[2021-03-27 20:45:49:828] <28974> tid:StdpayCARDNiconico8820210327204549025634
DEBUG	[2021-03-27 20:45:49:828] <28974> cancelmsg:DB FAIL
INFO	[2021-03-27 20:45:49:828] <28974> Check Field OK
INFO	[2021-03-27 20:45:49:828] <28974> INPUT TID > StdpayCARDNiconico8820210327204549025634
INFO	[2021-03-27 20:45:49:828] <28974> PI PUB KEY LOAD OK []
INFO	[2021-03-27 20:45:49:828] <28974> PG PUB KEY LOAD OK [30]
ERROR	[2021-03-27 20:45:49:828] <28974> 상점개인키 로드오류
INFO	[2021-03-27 20:45:49:906] <28974> END cancel [TX9301|상점개인키 로드오류] Laptime:[0.078sec]
INFO	[2021-03-27 20:45:49:906] <28974> ===============================================================
INFO	[2021-03-27 20:49:34:617] <28972> START INIPHP cancel (NV5053-20190404)(OS:Linux5.4.0-1029-aws,PHP:7.3.19-1+ubuntu18.04.1+deb.sury.org+1)
DEBUG	[2021-03-27 20:49:34:617] <28972> inipayhome:/home/niconicomall/www/shop/inicis
DEBUG	[2021-03-27 20:49:34:617] <28972> debug:false
DEBUG	[2021-03-27 20:49:34:617] <28972> encMethod:openssl
DEBUG	[2021-03-27 20:49:34:617] <28972> type:cancel
DEBUG	[2021-03-27 20:49:34:617] <28972> mid:Niconico88
DEBUG	[2021-03-27 20:49:34:617] <28972> admin:1111
DEBUG	[2021-03-27 20:49:34:617] <28972> tid:StdpayCARDNiconico8820210327204933790345
DEBUG	[2021-03-27 20:49:34:617] <28972> cancelmsg:DB FAIL
INFO	[2021-03-27 20:49:34:617] <28972> Check Field OK
INFO	[2021-03-27 20:49:34:617] <28972> INPUT TID > StdpayCARDNiconico8820210327204933790345
INFO	[2021-03-27 20:49:34:617] <28972> PI PUB KEY LOAD OK []
INFO	[2021-03-27 20:49:34:617] <28972> PG PUB KEY LOAD OK [30]
ERROR	[2021-03-27 20:49:34:617] <28972> 상점개인키 로드오류
INFO	[2021-03-27 20:49:34:689] <28972> END cancel [TX9301|상점개인키 로드오류] Laptime:[0.073sec]
INFO	[2021-03-27 20:49:34:689] <28972> ===============================================================
