INFO	[2021-03-28 23:54:33:213] <28974> START INIPHP cancel (NV5053-20190404)(OS:Linux5.4.0-1029-aws,PHP:7.3.19-1+ubuntu18.04.1+deb.sury.org+1)
DEBUG	[2021-03-28 23:54:33:213] <28974> inipayhome:/home/niconicomall/www/shop/inicis
DEBUG	[2021-03-28 23:54:33:213] <28974> debug:false
DEBUG	[2021-03-28 23:54:33:213] <28974> encMethod:openssl
DEBUG	[2021-03-28 23:54:33:213] <28974> type:cancel
DEBUG	[2021-03-28 23:54:33:213] <28974> mid:Niconico88
DEBUG	[2021-03-28 23:54:33:213] <28974> admin:1111
DEBUG	[2021-03-28 23:54:33:213] <28974> tid:StdpayCARDNiconico8820210328235432255039
DEBUG	[2021-03-28 23:54:33:213] <28974> cancelmsg:DB FAIL
INFO	[2021-03-28 23:54:33:213] <28974> Check Field OK
INFO	[2021-03-28 23:54:33:213] <28974> INPUT TID > StdpayCARDNiconico8820210328235432255039
INFO	[2021-03-28 23:54:33:213] <28974> PI PUB KEY LOAD OK []
INFO	[2021-03-28 23:54:33:213] <28974> PG PUB KEY LOAD OK [30]
ERROR	[2021-03-28 23:54:33:213] <28974> 상점개인키 로드오류
INFO	[2021-03-28 23:54:33:292] <28974> END cancel [TX9301|상점개인키 로드오류] Laptime:[0.079sec]
INFO	[2021-03-28 23:54:33:292] <28974> ===============================================================
INFO	[2021-03-28 23:56:48:257] <28974> START INIPHP cancel (NV5053-20190404)(OS:Linux5.4.0-1029-aws,PHP:7.3.19-1+ubuntu18.04.1+deb.sury.org+1)
DEBUG	[2021-03-28 23:56:48:257] <28974> inipayhome:/home/niconicomall/www/shop/inicis
DEBUG	[2021-03-28 23:56:48:257] <28974> debug:false
DEBUG	[2021-03-28 23:56:48:257] <28974> encMethod:openssl
DEBUG	[2021-03-28 23:56:48:257] <28974> type:cancel
DEBUG	[2021-03-28 23:56:48:257] <28974> mid:Niconico88
DEBUG	[2021-03-28 23:56:48:257] <28974> admin:1111
DEBUG	[2021-03-28 23:56:48:257] <28974> tid:StdpayCARDNiconico8820210328235647449174
DEBUG	[2021-03-28 23:56:48:257] <28974> cancelmsg:DB FAIL
INFO	[2021-03-28 23:56:48:257] <28974> Check Field OK
INFO	[2021-03-28 23:56:48:257] <28974> INPUT TID > StdpayCARDNiconico8820210328235647449174
INFO	[2021-03-28 23:56:48:257] <28974> PI PUB KEY LOAD OK []
INFO	[2021-03-28 23:56:48:258] <28974> PG PUB KEY LOAD OK [30]
ERROR	[2021-03-28 23:56:48:258] <28974> 상점개인키 로드오류
INFO	[2021-03-28 23:56:48:299] <28974> END cancel [TX9301|상점개인키 로드오류] Laptime:[0.042sec]
INFO	[2021-03-28 23:56:48:299] <28974> ===============================================================
