INFO	[2021-03-17 10:00:52:275] <4286> START INIPHP cancel (NV5053-20190404)(OS:Linux5.4.0-1029-aws,PHP:7.3.19-1+ubuntu18.04.1+deb.sury.org+1)
DEBUG	[2021-03-17 10:00:52:275] <4286> inipayhome:/home/niconicomall/www/shop/inicis
DEBUG	[2021-03-17 10:00:52:275] <4286> debug:false
DEBUG	[2021-03-17 10:00:52:275] <4286> encMethod:openssl
DEBUG	[2021-03-17 10:00:52:275] <4286> type:cancel
DEBUG	[2021-03-17 10:00:52:275] <4286> mid:Niconico88
DEBUG	[2021-03-17 10:00:52:275] <4286> admin:1111
DEBUG	[2021-03-17 10:00:52:275] <4286> tid:INIMX_CARDNiconico8820210316101918205532
DEBUG	[2021-03-17 10:00:52:275] <4286> cancelmsg:ºÓ«Œ∏Ù øÓøµ¿⁄ Ω¬¿Œ √Îº“
INFO	[2021-03-17 10:00:52:275] <4286> Check Field OK
INFO	[2021-03-17 10:00:52:275] <4286> INPUT TID > INIMX_CARDNiconico8820210316101918205532
INFO	[2021-03-17 10:00:52:275] <4286> PI PUB KEY LOAD OK []
INFO	[2021-03-17 10:00:52:276] <4286> PG PUB KEY LOAD OK [30]
ERROR	[2021-03-17 10:00:52:276] <4286> ÏÉÅÏ†êÍ∞úÏù∏ÌÇ§ Î°úÎìúÏò§Î•ò
INFO	[2021-03-17 10:00:52:376] <4286> END cancel [TX9301|ÏÉÅÏ†êÍ∞úÏù∏ÌÇ§ Î°úÎìúÏò§Î•ò] Laptime:[0.101sec]
INFO	[2021-03-17 10:00:52:376] <4286> ===============================================================
INFO	[2021-03-17 10:01:10:392] <16769> START INIPHP cancel (NV5053-20190404)(OS:Linux5.4.0-1029-aws,PHP:7.3.19-1+ubuntu18.04.1+deb.sury.org+1)
DEBUG	[2021-03-17 10:01:10:392] <16769> inipayhome:/home/niconicomall/www/shop/inicis
DEBUG	[2021-03-17 10:01:10:392] <16769> debug:false
DEBUG	[2021-03-17 10:01:10:392] <16769> encMethod:openssl
DEBUG	[2021-03-17 10:01:10:392] <16769> type:cancel
DEBUG	[2021-03-17 10:01:10:392] <16769> mid:Niconico88
DEBUG	[2021-03-17 10:01:10:392] <16769> admin:1111
DEBUG	[2021-03-17 10:01:10:392] <16769> tid:StdpayCARDNiconico8820210316102303999109
DEBUG	[2021-03-17 10:01:10:392] <16769> cancelmsg:ºÓ«Œ∏Ù øÓøµ¿⁄ Ω¬¿Œ √Îº“
INFO	[2021-03-17 10:01:10:392] <16769> Check Field OK
INFO	[2021-03-17 10:01:10:392] <16769> INPUT TID > StdpayCARDNiconico8820210316102303999109
INFO	[2021-03-17 10:01:10:392] <16769> PI PUB KEY LOAD OK []
INFO	[2021-03-17 10:01:10:392] <16769> PG PUB KEY LOAD OK [30]
ERROR	[2021-03-17 10:01:10:392] <16769> ÏÉÅÏ†êÍ∞úÏù∏ÌÇ§ Î°úÎìúÏò§Î•ò
INFO	[2021-03-17 10:01:10:434] <16769> END cancel [TX9301|ÏÉÅÏ†êÍ∞úÏù∏ÌÇ§ Î°úÎìúÏò§Î•ò] Laptime:[0.042sec]
INFO	[2021-03-17 10:01:10:434] <16769> ===============================================================
INFO	[2021-03-17 10:07:08:92] <16762> START INIPHP cancel (NV5053-20190404)(OS:Linux5.4.0-1029-aws,PHP:7.3.19-1+ubuntu18.04.1+deb.sury.org+1)
DEBUG	[2021-03-17 10:07:08:93] <16762> inipayhome:/home/niconicomall/www/shop/inicis
DEBUG	[2021-03-17 10:07:08:93] <16762> debug:false
DEBUG	[2021-03-17 10:07:08:93] <16762> encMethod:openssl
DEBUG	[2021-03-17 10:07:08:93] <16762> type:cancel
DEBUG	[2021-03-17 10:07:08:93] <16762> mid:Niconico88
DEBUG	[2021-03-17 10:07:08:93] <16762> admin:1111
DEBUG	[2021-03-17 10:07:08:93] <16762> tid:INIMX_ISP_Niconico8820210316234735375574
DEBUG	[2021-03-17 10:07:08:93] <16762> cancelmsg:ºÓ«Œ∏Ù øÓøµ¿⁄ Ω¬¿Œ √Îº“
INFO	[2021-03-17 10:07:08:93] <16762> Check Field OK
INFO	[2021-03-17 10:07:08:93] <16762> INPUT TID > INIMX_ISP_Niconico8820210316234735375574
INFO	[2021-03-17 10:07:08:93] <16762> PI PUB KEY LOAD OK []
INFO	[2021-03-17 10:07:08:93] <16762> PG PUB KEY LOAD OK [30]
ERROR	[2021-03-17 10:07:08:93] <16762> ÏÉÅÏ†êÍ∞úÏù∏ÌÇ§ Î°úÎìúÏò§Î•ò
INFO	[2021-03-17 10:07:08:203] <16762> END cancel [TX9301|ÏÉÅÏ†êÍ∞úÏù∏ÌÇ§ Î°úÎìúÏò§Î•ò] Laptime:[0.111sec]
INFO	[2021-03-17 10:07:08:203] <16762> ===============================================================
INFO	[2021-03-17 10:29:08:183] <16771> START INIPHP cancel (NV5053-20190404)(OS:Linux5.4.0-1029-aws,PHP:7.3.19-1+ubuntu18.04.1+deb.sury.org+1)
DEBUG	[2021-03-17 10:29:08:183] <16771> inipayhome:/home/niconicomall/www/shop/inicis
DEBUG	[2021-03-17 10:29:08:183] <16771> debug:false
DEBUG	[2021-03-17 10:29:08:183] <16771> encMethod:openssl
DEBUG	[2021-03-17 10:29:08:183] <16771> type:cancel
DEBUG	[2021-03-17 10:29:08:183] <16771> mid:Niconico88
DEBUG	[2021-03-17 10:29:08:183] <16771> admin:1111
DEBUG	[2021-03-17 10:29:08:183] <16771> tid:INIMX_VBNKNiconico8820210308131200645151
DEBUG	[2021-03-17 10:29:08:183] <16771> cancelmsg:¡÷πÆ¿⁄ ∫ª¿Œ √Îº“-¿ﬂ∏¯ º±≈√
INFO	[2021-03-17 10:29:08:183] <16771> Check Field OK
INFO	[2021-03-17 10:29:08:183] <16771> INPUT TID > INIMX_VBNKNiconico8820210308131200645151
INFO	[2021-03-17 10:29:08:183] <16771> PI PUB KEY LOAD OK []
INFO	[2021-03-17 10:29:08:183] <16771> PG PUB KEY LOAD OK [30]
ERROR	[2021-03-17 10:29:08:183] <16771> ÏÉÅÏ†êÍ∞úÏù∏ÌÇ§ Î°úÎìúÏò§Î•ò
INFO	[2021-03-17 10:29:08:295] <16771> END cancel [TX9301|ÏÉÅÏ†êÍ∞úÏù∏ÌÇ§ Î°úÎìúÏò§Î•ò] Laptime:[0.113sec]
INFO	[2021-03-17 10:29:08:296] <16771> ===============================================================
INFO	[2021-03-17 14:53:23:752] <16772> START INIPHP cancel (NV5053-20190404)(OS:Linux5.4.0-1029-aws,PHP:7.3.19-1+ubuntu18.04.1+deb.sury.org+1)
DEBUG	[2021-03-17 14:53:23:752] <16772> inipayhome:/home/niconicomall/www/shop/inicis
DEBUG	[2021-03-17 14:53:23:752] <16772> debug:false
DEBUG	[2021-03-17 14:53:23:752] <16772> encMethod:openssl
DEBUG	[2021-03-17 14:53:23:752] <16772> type:cancel
DEBUG	[2021-03-17 14:53:23:752] <16772> mid:Niconico88
DEBUG	[2021-03-17 14:53:23:752] <16772> admin:1111
DEBUG	[2021-03-17 14:53:23:752] <16772> tid:INIMX_CARDNiconico8820210317044106735087
DEBUG	[2021-03-17 14:53:23:752] <16772> cancelmsg:ºÓ«Œ∏Ù øÓøµ¿⁄ Ω¬¿Œ √Îº“
INFO	[2021-03-17 14:53:23:752] <16772> Check Field OK
INFO	[2021-03-17 14:53:23:752] <16772> INPUT TID > INIMX_CARDNiconico8820210317044106735087
INFO	[2021-03-17 14:53:23:752] <16772> PI PUB KEY LOAD OK []
INFO	[2021-03-17 14:53:23:752] <16772> PG PUB KEY LOAD OK [30]
ERROR	[2021-03-17 14:53:23:752] <16772> ÏÉÅÏ†êÍ∞úÏù∏ÌÇ§ Î°úÎìúÏò§Î•ò
INFO	[2021-03-17 14:53:23:834] <16772> END cancel [TX9301|ÏÉÅÏ†êÍ∞úÏù∏ÌÇ§ Î°úÎìúÏò§Î•ò] Laptime:[0.082sec]
INFO	[2021-03-17 14:53:23:834] <16772> ===============================================================
