INFO	[2021-03-20 14:17:32:483] <368> START INIPHP cancel (NV5053-20190404)(OS:Linux5.4.0-1029-aws,PHP:7.3.19-1+ubuntu18.04.1+deb.sury.org+1)
DEBUG	[2021-03-20 14:17:32:483] <368> inipayhome:/home/niconicomall/www/shop/inicis
DEBUG	[2021-03-20 14:17:32:483] <368> debug:false
DEBUG	[2021-03-20 14:17:32:483] <368> encMethod:openssl
DEBUG	[2021-03-20 14:17:32:483] <368> type:cancel
DEBUG	[2021-03-20 14:17:32:483] <368> mid:Niconico88
DEBUG	[2021-03-20 14:17:32:483] <368> admin:1111
DEBUG	[2021-03-20 14:17:32:483] <368> tid:StdpayCARDNiconico8820210320141731749048
DEBUG	[2021-03-20 14:17:32:483] <368> cancelmsg:DB FAIL
INFO	[2021-03-20 14:17:32:483] <368> Check Field OK
INFO	[2021-03-20 14:17:32:483] <368> INPUT TID > StdpayCARDNiconico8820210320141731749048
INFO	[2021-03-20 14:17:32:483] <368> PI PUB KEY LOAD OK []
INFO	[2021-03-20 14:17:32:483] <368> PG PUB KEY LOAD OK [30]
ERROR	[2021-03-20 14:17:32:483] <368> 상점개인키 로드오류
INFO	[2021-03-20 14:17:32:665] <368> END cancel [TX9301|상점개인키 로드오류] Laptime:[0.183sec]
INFO	[2021-03-20 14:17:32:665] <368> ===============================================================
INFO	[2021-03-20 16:03:29:601] <16769> START INIPHP cancel (NV5053-20190404)(OS:Linux5.4.0-1029-aws,PHP:7.3.19-1+ubuntu18.04.1+deb.sury.org+1)
DEBUG	[2021-03-20 16:03:29:601] <16769> inipayhome:/home/niconicomall/www/shop/inicis
DEBUG	[2021-03-20 16:03:29:601] <16769> debug:false
DEBUG	[2021-03-20 16:03:29:601] <16769> encMethod:openssl
DEBUG	[2021-03-20 16:03:29:601] <16769> type:cancel
DEBUG	[2021-03-20 16:03:29:601] <16769> mid:Niconico88
DEBUG	[2021-03-20 16:03:29:601] <16769> admin:1111
DEBUG	[2021-03-20 16:03:29:601] <16769> tid:StdpayCARDNiconico8820210320160328599836
DEBUG	[2021-03-20 16:03:29:601] <16769> cancelmsg:DB FAIL
INFO	[2021-03-20 16:03:29:601] <16769> Check Field OK
INFO	[2021-03-20 16:03:29:601] <16769> INPUT TID > StdpayCARDNiconico8820210320160328599836
INFO	[2021-03-20 16:03:29:601] <16769> PI PUB KEY LOAD OK []
INFO	[2021-03-20 16:03:29:601] <16769> PG PUB KEY LOAD OK [30]
ERROR	[2021-03-20 16:03:29:601] <16769> 상점개인키 로드오류
INFO	[2021-03-20 16:03:29:681] <16769> END cancel [TX9301|상점개인키 로드오류] Laptime:[0.08sec]
INFO	[2021-03-20 16:03:29:681] <16769> ===============================================================
INFO	[2021-03-20 23:02:49:874] <361> START INIPHP cancel (NV5053-20190404)(OS:Linux5.4.0-1029-aws,PHP:7.3.19-1+ubuntu18.04.1+deb.sury.org+1)
DEBUG	[2021-03-20 23:02:49:874] <361> inipayhome:/home/niconicomall/www/shop/inicis
DEBUG	[2021-03-20 23:02:49:874] <361> debug:false
DEBUG	[2021-03-20 23:02:49:874] <361> encMethod:openssl
DEBUG	[2021-03-20 23:02:49:874] <361> type:cancel
DEBUG	[2021-03-20 23:02:49:874] <361> mid:Niconico88
DEBUG	[2021-03-20 23:02:49:874] <361> admin:1111
DEBUG	[2021-03-20 23:02:49:874] <361> tid:StdpayCARDNiconico8820210320230248586873
DEBUG	[2021-03-20 23:02:49:874] <361> cancelmsg:DB FAIL
INFO	[2021-03-20 23:02:49:874] <361> Check Field OK
INFO	[2021-03-20 23:02:49:874] <361> INPUT TID > StdpayCARDNiconico8820210320230248586873
INFO	[2021-03-20 23:02:49:874] <361> PI PUB KEY LOAD OK []
INFO	[2021-03-20 23:02:49:875] <361> PG PUB KEY LOAD OK [30]
ERROR	[2021-03-20 23:02:49:875] <361> 상점개인키 로드오류
INFO	[2021-03-20 23:02:50:39] <361> END cancel [TX9301|상점개인키 로드오류] Laptime:[0.165sec]
INFO	[2021-03-20 23:02:50:39] <361> ===============================================================
