INFO	[2021-03-25 10:28:50:121] <28974> START INIPHP cancel (NV5053-20190404)(OS:Linux5.4.0-1029-aws,PHP:7.3.19-1+ubuntu18.04.1+deb.sury.org+1)
DEBUG	[2021-03-25 10:28:50:121] <28974> inipayhome:/home/niconicomall/www/shop/inicis
DEBUG	[2021-03-25 10:28:50:121] <28974> debug:false
DEBUG	[2021-03-25 10:28:50:121] <28974> encMethod:openssl
DEBUG	[2021-03-25 10:28:50:121] <28974> type:cancel
DEBUG	[2021-03-25 10:28:50:121] <28974> mid:Niconico88
DEBUG	[2021-03-25 10:28:50:121] <28974> admin:1111
DEBUG	[2021-03-25 10:28:50:121] <28974> tid:StdpayCARDNiconico8820210325102849046603
DEBUG	[2021-03-25 10:28:50:121] <28974> cancelmsg:DB FAIL
INFO	[2021-03-25 10:28:50:121] <28974> Check Field OK
INFO	[2021-03-25 10:28:50:121] <28974> INPUT TID > StdpayCARDNiconico8820210325102849046603
INFO	[2021-03-25 10:28:50:121] <28974> PI PUB KEY LOAD OK []
INFO	[2021-03-25 10:28:50:121] <28974> PG PUB KEY LOAD OK [30]
ERROR	[2021-03-25 10:28:50:121] <28974> 상점개인키 로드오류
INFO	[2021-03-25 10:28:50:219] <28974> END cancel [TX9301|상점개인키 로드오류] Laptime:[0.099sec]
INFO	[2021-03-25 10:28:50:219] <28974> ===============================================================
INFO	[2021-03-25 17:13:24:446] <28730> START INIPHP cancel (NV5053-20190404)(OS:Linux5.4.0-1029-aws,PHP:7.3.19-1+ubuntu18.04.1+deb.sury.org+1)
DEBUG	[2021-03-25 17:13:24:446] <28730> inipayhome:/home/niconicomall/www/shop/inicis
DEBUG	[2021-03-25 17:13:24:446] <28730> debug:false
DEBUG	[2021-03-25 17:13:24:446] <28730> encMethod:openssl
DEBUG	[2021-03-25 17:13:24:446] <28730> type:cancel
DEBUG	[2021-03-25 17:13:24:446] <28730> mid:Niconico88
DEBUG	[2021-03-25 17:13:24:446] <28730> admin:1111
DEBUG	[2021-03-25 17:13:24:446] <28730> tid:StdpayCARDNiconico8820210325171323133672
DEBUG	[2021-03-25 17:13:24:446] <28730> cancelmsg:DB FAIL
INFO	[2021-03-25 17:13:24:446] <28730> Check Field OK
INFO	[2021-03-25 17:13:24:446] <28730> INPUT TID > StdpayCARDNiconico8820210325171323133672
INFO	[2021-03-25 17:13:24:446] <28730> PI PUB KEY LOAD OK []
INFO	[2021-03-25 17:13:24:446] <28730> PG PUB KEY LOAD OK [30]
ERROR	[2021-03-25 17:13:24:446] <28730> 상점개인키 로드오류
INFO	[2021-03-25 17:13:24:567] <28730> END cancel [TX9301|상점개인키 로드오류] Laptime:[0.121sec]
INFO	[2021-03-25 17:13:24:567] <28730> ===============================================================
INFO	[2021-03-25 23:36:20:700] <4774> START INIPHP cancel (NV5053-20190404)(OS:Linux5.4.0-1029-aws,PHP:7.3.19-1+ubuntu18.04.1+deb.sury.org+1)
DEBUG	[2021-03-25 23:36:20:700] <4774> inipayhome:/home/niconicomall/www/shop/inicis
DEBUG	[2021-03-25 23:36:20:700] <4774> debug:false
DEBUG	[2021-03-25 23:36:20:700] <4774> encMethod:openssl
DEBUG	[2021-03-25 23:36:20:700] <4774> type:cancel
DEBUG	[2021-03-25 23:36:20:700] <4774> mid:Niconico88
DEBUG	[2021-03-25 23:36:20:700] <4774> admin:1111
DEBUG	[2021-03-25 23:36:20:700] <4774> tid:StdpayCARDNiconico8820210325233619651574
DEBUG	[2021-03-25 23:36:20:700] <4774> cancelmsg:DB FAIL
INFO	[2021-03-25 23:36:20:700] <4774> Check Field OK
INFO	[2021-03-25 23:36:20:700] <4774> INPUT TID > StdpayCARDNiconico8820210325233619651574
INFO	[2021-03-25 23:36:20:700] <4774> PI PUB KEY LOAD OK []
INFO	[2021-03-25 23:36:20:701] <4774> PG PUB KEY LOAD OK [30]
ERROR	[2021-03-25 23:36:20:701] <4774> 상점개인키 로드오류
INFO	[2021-03-25 23:36:20:779] <4774> END cancel [TX9301|상점개인키 로드오류] Laptime:[0.079sec]
INFO	[2021-03-25 23:36:20:779] <4774> ===============================================================
INFO	[2021-03-25 23:38:02:846] <1751> START INIPHP cancel (NV5053-20190404)(OS:Linux5.4.0-1029-aws,PHP:7.3.19-1+ubuntu18.04.1+deb.sury.org+1)
DEBUG	[2021-03-25 23:38:02:846] <1751> inipayhome:/home/niconicomall/www/shop/inicis
DEBUG	[2021-03-25 23:38:02:846] <1751> debug:false
DEBUG	[2021-03-25 23:38:02:846] <1751> encMethod:openssl
DEBUG	[2021-03-25 23:38:02:846] <1751> type:cancel
DEBUG	[2021-03-25 23:38:02:846] <1751> mid:Niconico88
DEBUG	[2021-03-25 23:38:02:846] <1751> admin:1111
DEBUG	[2021-03-25 23:38:02:846] <1751> tid:StdpayCARDNiconico8820210325233801915004
DEBUG	[2021-03-25 23:38:02:846] <1751> cancelmsg:DB FAIL
INFO	[2021-03-25 23:38:02:846] <1751> Check Field OK
INFO	[2021-03-25 23:38:02:846] <1751> INPUT TID > StdpayCARDNiconico8820210325233801915004
INFO	[2021-03-25 23:38:02:846] <1751> PI PUB KEY LOAD OK []
INFO	[2021-03-25 23:38:02:846] <1751> PG PUB KEY LOAD OK [30]
ERROR	[2021-03-25 23:38:02:846] <1751> 상점개인키 로드오류
INFO	[2021-03-25 23:38:02:881] <1751> END cancel [TX9301|상점개인키 로드오류] Laptime:[0.035sec]
INFO	[2021-03-25 23:38:02:881] <1751> ===============================================================
