INFO	[2021-03-15 17:16:47:73] <16762> START INIPHP cancel (NV5053-20190404)(OS:Linux5.4.0-1029-aws,PHP:7.3.19-1+ubuntu18.04.1+deb.sury.org+1)
DEBUG	[2021-03-15 17:16:47:73] <16762> inipayhome:/home/niconicomall/www/shop/inicis
DEBUG	[2021-03-15 17:16:47:73] <16762> debug:false
DEBUG	[2021-03-15 17:16:47:73] <16762> encMethod:openssl
DEBUG	[2021-03-15 17:16:47:73] <16762> type:cancel
DEBUG	[2021-03-15 17:16:47:73] <16762> mid:Niconico88
DEBUG	[2021-03-15 17:16:47:73] <16762> admin:1111
DEBUG	[2021-03-15 17:16:47:73] <16762> tid:StdpayCARDNiconico8820210315171646126832
DEBUG	[2021-03-15 17:16:47:73] <16762> cancelmsg:DB FAIL
INFO	[2021-03-15 17:16:47:73] <16762> Check Field OK
INFO	[2021-03-15 17:16:47:73] <16762> INPUT TID > StdpayCARDNiconico8820210315171646126832
INFO	[2021-03-15 17:16:47:73] <16762> PI PUB KEY LOAD OK []
INFO	[2021-03-15 17:16:47:73] <16762> PG PUB KEY LOAD OK [30]
ERROR	[2021-03-15 17:16:47:73] <16762> 상점개인키 로드오류
INFO	[2021-03-15 17:16:47:159] <16762> END cancel [TX9301|상점개인키 로드오류] Laptime:[0.086sec]
INFO	[2021-03-15 17:16:47:159] <16762> ===============================================================
INFO	[2021-03-15 17:28:10:570] <16768> START INIPHP cancel (NV5053-20190404)(OS:Linux5.4.0-1029-aws,PHP:7.3.19-1+ubuntu18.04.1+deb.sury.org+1)
DEBUG	[2021-03-15 17:28:10:570] <16768> inipayhome:/home/niconicomall/www/shop/inicis
DEBUG	[2021-03-15 17:28:10:570] <16768> debug:false
DEBUG	[2021-03-15 17:28:10:570] <16768> encMethod:openssl
DEBUG	[2021-03-15 17:28:10:570] <16768> type:cancel
DEBUG	[2021-03-15 17:28:10:570] <16768> mid:Niconico88
DEBUG	[2021-03-15 17:28:10:570] <16768> admin:1111
DEBUG	[2021-03-15 17:28:10:570] <16768> tid:StdpayCARDNiconico8820210315172809720022
DEBUG	[2021-03-15 17:28:10:570] <16768> cancelmsg:DB FAIL
INFO	[2021-03-15 17:28:10:570] <16768> Check Field OK
INFO	[2021-03-15 17:28:10:570] <16768> INPUT TID > StdpayCARDNiconico8820210315172809720022
INFO	[2021-03-15 17:28:10:570] <16768> PI PUB KEY LOAD OK []
INFO	[2021-03-15 17:28:10:570] <16768> PG PUB KEY LOAD OK [30]
ERROR	[2021-03-15 17:28:10:570] <16768> 상점개인키 로드오류
INFO	[2021-03-15 17:28:10:649] <16768> END cancel [TX9301|상점개인키 로드오류] Laptime:[0.079sec]
INFO	[2021-03-15 17:28:10:649] <16768> ===============================================================
INFO	[2021-03-15 21:45:26:390] <361> START INIPHP cancel (NV5053-20190404)(OS:Linux5.4.0-1029-aws,PHP:7.3.19-1+ubuntu18.04.1+deb.sury.org+1)
DEBUG	[2021-03-15 21:45:26:390] <361> inipayhome:/home/niconicomall/www/shop/inicis
DEBUG	[2021-03-15 21:45:26:390] <361> debug:false
DEBUG	[2021-03-15 21:45:26:390] <361> encMethod:openssl
DEBUG	[2021-03-15 21:45:26:390] <361> type:cancel
DEBUG	[2021-03-15 21:45:26:390] <361> mid:Niconico88
DEBUG	[2021-03-15 21:45:26:390] <361> admin:1111
DEBUG	[2021-03-15 21:45:26:390] <361> tid:StdpayISP_Niconico8820210315214525059582
DEBUG	[2021-03-15 21:45:26:390] <361> cancelmsg:DB FAIL
INFO	[2021-03-15 21:45:26:390] <361> Check Field OK
INFO	[2021-03-15 21:45:26:390] <361> INPUT TID > StdpayISP_Niconico8820210315214525059582
INFO	[2021-03-15 21:45:26:390] <361> PI PUB KEY LOAD OK []
INFO	[2021-03-15 21:45:26:391] <361> PG PUB KEY LOAD OK [30]
ERROR	[2021-03-15 21:45:26:391] <361> 상점개인키 로드오류
INFO	[2021-03-15 21:45:26:469] <361> END cancel [TX9301|상점개인키 로드오류] Laptime:[0.079sec]
INFO	[2021-03-15 21:45:26:470] <361> ===============================================================
