INFO	[2021-03-22 10:18:02:624] <16774> START INIPHP cancel (NV5053-20190404)(OS:Linux5.4.0-1029-aws,PHP:7.3.19-1+ubuntu18.04.1+deb.sury.org+1)
DEBUG	[2021-03-22 10:18:02:624] <16774> inipayhome:/home/niconicomall/www/shop/inicis
DEBUG	[2021-03-22 10:18:02:624] <16774> debug:false
DEBUG	[2021-03-22 10:18:02:624] <16774> encMethod:openssl
DEBUG	[2021-03-22 10:18:02:624] <16774> type:cancel
DEBUG	[2021-03-22 10:18:02:624] <16774> mid:Niconico88
DEBUG	[2021-03-22 10:18:02:624] <16774> admin:1111
DEBUG	[2021-03-22 10:18:02:624] <16774> tid:INIMX_CARDNiconico8820210321173217295271
DEBUG	[2021-03-22 10:18:02:624] <16774> cancelmsg:ΌξΗΞΈτ ΏξΏµΐΪ ½ΒΐΞ ΓλΌ
INFO	[2021-03-22 10:18:02:624] <16774> Check Field OK
INFO	[2021-03-22 10:18:02:624] <16774> INPUT TID > INIMX_CARDNiconico8820210321173217295271
INFO	[2021-03-22 10:18:02:624] <16774> PI PUB KEY LOAD OK []
INFO	[2021-03-22 10:18:02:625] <16774> PG PUB KEY LOAD OK [30]
ERROR	[2021-03-22 10:18:02:625] <16774> μƒμ κ°μΈν‚¤ λ΅λ“μ¤λ¥
INFO	[2021-03-22 10:18:02:701] <16774> END cancel [TX9301|μƒμ κ°μΈν‚¤ λ΅λ“μ¤λ¥] Laptime:[0.077sec]
INFO	[2021-03-22 10:18:02:701] <16774> ===============================================================
INFO	[2021-03-22 10:36:21:612] <16777> START INIPHP cancel (NV5053-20190404)(OS:Linux5.4.0-1029-aws,PHP:7.3.19-1+ubuntu18.04.1+deb.sury.org+1)
DEBUG	[2021-03-22 10:36:21:612] <16777> inipayhome:/home/niconicomall/www/shop/inicis
DEBUG	[2021-03-22 10:36:21:612] <16777> debug:false
DEBUG	[2021-03-22 10:36:21:612] <16777> encMethod:openssl
DEBUG	[2021-03-22 10:36:21:612] <16777> type:cancel
DEBUG	[2021-03-22 10:36:21:612] <16777> mid:Niconico88
DEBUG	[2021-03-22 10:36:21:612] <16777> admin:1111
DEBUG	[2021-03-22 10:36:21:612] <16777> tid:StdpayCARDNiconico8820210322103620687921
DEBUG	[2021-03-22 10:36:21:612] <16777> cancelmsg:DB FAIL
INFO	[2021-03-22 10:36:21:612] <16777> Check Field OK
INFO	[2021-03-22 10:36:21:612] <16777> INPUT TID > StdpayCARDNiconico8820210322103620687921
INFO	[2021-03-22 10:36:21:612] <16777> PI PUB KEY LOAD OK []
INFO	[2021-03-22 10:36:21:613] <16777> PG PUB KEY LOAD OK [30]
ERROR	[2021-03-22 10:36:21:613] <16777> μƒμ κ°μΈν‚¤ λ΅λ“μ¤λ¥
INFO	[2021-03-22 10:36:21:777] <16777> END cancel [TX9301|μƒμ κ°μΈν‚¤ λ΅λ“μ¤λ¥] Laptime:[0.164sec]
INFO	[2021-03-22 10:36:21:777] <16777> ===============================================================
INFO	[2021-03-22 10:50:35:117] <366> START INIPHP cancel (NV5053-20190404)(OS:Linux5.4.0-1029-aws,PHP:7.3.19-1+ubuntu18.04.1+deb.sury.org+1)
DEBUG	[2021-03-22 10:50:35:117] <366> inipayhome:/home/niconicomall/www/shop/inicis
DEBUG	[2021-03-22 10:50:35:117] <366> debug:false
DEBUG	[2021-03-22 10:50:35:117] <366> encMethod:openssl
DEBUG	[2021-03-22 10:50:35:117] <366> type:cancel
DEBUG	[2021-03-22 10:50:35:117] <366> mid:Niconico88
DEBUG	[2021-03-22 10:50:35:117] <366> admin:1111
DEBUG	[2021-03-22 10:50:35:117] <366> tid:StdpayVBNKNiconico8820210322105034543361
DEBUG	[2021-03-22 10:50:35:117] <366> cancelmsg:DB FAIL
INFO	[2021-03-22 10:50:35:117] <366> Check Field OK
INFO	[2021-03-22 10:50:35:117] <366> INPUT TID > StdpayVBNKNiconico8820210322105034543361
INFO	[2021-03-22 10:50:35:117] <366> PI PUB KEY LOAD OK []
INFO	[2021-03-22 10:50:35:117] <366> PG PUB KEY LOAD OK [30]
ERROR	[2021-03-22 10:50:35:117] <366> μƒμ κ°μΈν‚¤ λ΅λ“μ¤λ¥
INFO	[2021-03-22 10:50:35:295] <366> END cancel [TX9301|μƒμ κ°μΈν‚¤ λ΅λ“μ¤λ¥] Laptime:[0.179sec]
INFO	[2021-03-22 10:50:35:295] <366> ===============================================================
INFO	[2021-03-22 10:51:42:57] <16774> START INIPHP cancel (NV5053-20190404)(OS:Linux5.4.0-1029-aws,PHP:7.3.19-1+ubuntu18.04.1+deb.sury.org+1)
DEBUG	[2021-03-22 10:51:42:57] <16774> inipayhome:/home/niconicomall/www/shop/inicis
DEBUG	[2021-03-22 10:51:42:57] <16774> debug:false
DEBUG	[2021-03-22 10:51:42:57] <16774> encMethod:openssl
DEBUG	[2021-03-22 10:51:42:57] <16774> type:cancel
DEBUG	[2021-03-22 10:51:42:57] <16774> mid:Niconico88
DEBUG	[2021-03-22 10:51:42:57] <16774> admin:1111
DEBUG	[2021-03-22 10:51:42:57] <16774> tid:StdpayVBNKNiconico8820210322105141608315
DEBUG	[2021-03-22 10:51:42:57] <16774> cancelmsg:DB FAIL
INFO	[2021-03-22 10:51:42:57] <16774> Check Field OK
INFO	[2021-03-22 10:51:42:57] <16774> INPUT TID > StdpayVBNKNiconico8820210322105141608315
INFO	[2021-03-22 10:51:42:57] <16774> PI PUB KEY LOAD OK []
INFO	[2021-03-22 10:51:42:57] <16774> PG PUB KEY LOAD OK [30]
ERROR	[2021-03-22 10:51:42:57] <16774> μƒμ κ°μΈν‚¤ λ΅λ“μ¤λ¥
INFO	[2021-03-22 10:51:42:96] <16774> END cancel [TX9301|μƒμ κ°μΈν‚¤ λ΅λ“μ¤λ¥] Laptime:[0.039sec]
INFO	[2021-03-22 10:51:42:96] <16774> ===============================================================
INFO	[2021-03-22 14:06:31:929] <16763> START INIPHP cancel (NV5053-20190404)(OS:Linux5.4.0-1029-aws,PHP:7.3.19-1+ubuntu18.04.1+deb.sury.org+1)
DEBUG	[2021-03-22 14:06:31:930] <16763> inipayhome:/home/niconicomall/www/shop/inicis
DEBUG	[2021-03-22 14:06:31:930] <16763> debug:false
DEBUG	[2021-03-22 14:06:31:930] <16763> encMethod:openssl
DEBUG	[2021-03-22 14:06:31:930] <16763> type:cancel
DEBUG	[2021-03-22 14:06:31:930] <16763> mid:Niconico88
DEBUG	[2021-03-22 14:06:31:930] <16763> admin:1111
DEBUG	[2021-03-22 14:06:31:930] <16763> tid:StdpayCARDNiconico8820210322140630609307
DEBUG	[2021-03-22 14:06:31:930] <16763> cancelmsg:DB FAIL
INFO	[2021-03-22 14:06:31:930] <16763> Check Field OK
INFO	[2021-03-22 14:06:31:930] <16763> INPUT TID > StdpayCARDNiconico8820210322140630609307
INFO	[2021-03-22 14:06:31:930] <16763> PI PUB KEY LOAD OK []
INFO	[2021-03-22 14:06:31:930] <16763> PG PUB KEY LOAD OK [30]
ERROR	[2021-03-22 14:06:31:930] <16763> μƒμ κ°μΈν‚¤ λ΅λ“μ¤λ¥
INFO	[2021-03-22 14:06:32:12] <16763> END cancel [TX9301|μƒμ κ°μΈν‚¤ λ΅λ“μ¤λ¥] Laptime:[0.082sec]
INFO	[2021-03-22 14:06:32:12] <16763> ===============================================================
INFO	[2021-03-22 14:35:23:224] <16770> START INIPHP cancel (NV5053-20190404)(OS:Linux5.4.0-1029-aws,PHP:7.3.19-1+ubuntu18.04.1+deb.sury.org+1)
DEBUG	[2021-03-22 14:35:23:224] <16770> inipayhome:/home/niconicomall/www/shop/inicis
DEBUG	[2021-03-22 14:35:23:224] <16770> debug:false
DEBUG	[2021-03-22 14:35:23:224] <16770> encMethod:openssl
DEBUG	[2021-03-22 14:35:23:224] <16770> type:cancel
DEBUG	[2021-03-22 14:35:23:224] <16770> mid:Niconico88
DEBUG	[2021-03-22 14:35:23:224] <16770> admin:1111
DEBUG	[2021-03-22 14:35:23:224] <16770> tid:StdpayCARDNiconico8820210322143521896103
DEBUG	[2021-03-22 14:35:23:224] <16770> cancelmsg:DB FAIL
INFO	[2021-03-22 14:35:23:224] <16770> Check Field OK
INFO	[2021-03-22 14:35:23:224] <16770> INPUT TID > StdpayCARDNiconico8820210322143521896103
INFO	[2021-03-22 14:35:23:224] <16770> PI PUB KEY LOAD OK []
INFO	[2021-03-22 14:35:23:224] <16770> PG PUB KEY LOAD OK [30]
ERROR	[2021-03-22 14:35:23:224] <16770> μƒμ κ°μΈν‚¤ λ΅λ“μ¤λ¥
INFO	[2021-03-22 14:35:23:307] <16770> END cancel [TX9301|μƒμ κ°μΈν‚¤ λ΅λ“μ¤λ¥] Laptime:[0.084sec]
INFO	[2021-03-22 14:35:23:308] <16770> ===============================================================
INFO	[2021-03-22 15:02:40:541] <362> START INIPHP cancel (NV5053-20190404)(OS:Linux5.4.0-1029-aws,PHP:7.3.19-1+ubuntu18.04.1+deb.sury.org+1)
DEBUG	[2021-03-22 15:02:40:541] <362> inipayhome:/home/niconicomall/www/shop/inicis
DEBUG	[2021-03-22 15:02:40:541] <362> debug:false
DEBUG	[2021-03-22 15:02:40:541] <362> encMethod:openssl
DEBUG	[2021-03-22 15:02:40:541] <362> type:cancel
DEBUG	[2021-03-22 15:02:40:541] <362> mid:Niconico88
DEBUG	[2021-03-22 15:02:40:541] <362> admin:1111
DEBUG	[2021-03-22 15:02:40:541] <362> tid:StdpayCARDNiconico8820210322150238978351
DEBUG	[2021-03-22 15:02:40:541] <362> cancelmsg:DB FAIL
INFO	[2021-03-22 15:02:40:541] <362> Check Field OK
INFO	[2021-03-22 15:02:40:541] <362> INPUT TID > StdpayCARDNiconico8820210322150238978351
INFO	[2021-03-22 15:02:40:541] <362> PI PUB KEY LOAD OK []
INFO	[2021-03-22 15:02:40:541] <362> PG PUB KEY LOAD OK [30]
ERROR	[2021-03-22 15:02:40:541] <362> μƒμ κ°μΈν‚¤ λ΅λ“μ¤λ¥
INFO	[2021-03-22 15:02:40:624] <362> END cancel [TX9301|μƒμ κ°μΈν‚¤ λ΅λ“μ¤λ¥] Laptime:[0.083sec]
INFO	[2021-03-22 15:02:40:624] <362> ===============================================================
INFO	[2021-03-22 15:44:36:882] <369> START INIPHP cancel (NV5053-20190404)(OS:Linux5.4.0-1029-aws,PHP:7.3.19-1+ubuntu18.04.1+deb.sury.org+1)
DEBUG	[2021-03-22 15:44:36:882] <369> inipayhome:/home/niconicomall/www/shop/inicis
DEBUG	[2021-03-22 15:44:36:882] <369> debug:false
DEBUG	[2021-03-22 15:44:36:882] <369> encMethod:openssl
DEBUG	[2021-03-22 15:44:36:882] <369> type:cancel
DEBUG	[2021-03-22 15:44:36:882] <369> mid:Niconico88
DEBUG	[2021-03-22 15:44:36:882] <369> admin:1111
DEBUG	[2021-03-22 15:44:36:882] <369> tid:INIMX_CARDNiconico8820210320195750355768
DEBUG	[2021-03-22 15:44:36:882] <369> cancelmsg:ΌξΗΞΈτ ΏξΏµΐΪ ½ΒΐΞ ΓλΌ
INFO	[2021-03-22 15:44:36:882] <369> Check Field OK
INFO	[2021-03-22 15:44:36:882] <369> INPUT TID > INIMX_CARDNiconico8820210320195750355768
INFO	[2021-03-22 15:44:36:882] <369> PI PUB KEY LOAD OK []
INFO	[2021-03-22 15:44:36:882] <369> PG PUB KEY LOAD OK [30]
ERROR	[2021-03-22 15:44:36:882] <369> μƒμ κ°μΈν‚¤ λ΅λ“μ¤λ¥
INFO	[2021-03-22 15:44:37:53] <369> END cancel [TX9301|μƒμ κ°μΈν‚¤ λ΅λ“μ¤λ¥] Laptime:[0.171sec]
INFO	[2021-03-22 15:44:37:53] <369> ===============================================================
