INFO	[2021-03-31 14:45:41:581] <28975> START INIPHP cancel (NV5053-20190404)(OS:Linux5.4.0-1029-aws,PHP:7.3.19-1+ubuntu18.04.1+deb.sury.org+1)
DEBUG	[2021-03-31 14:45:41:581] <28975> inipayhome:/home/niconicomall/www/shop/inicis
DEBUG	[2021-03-31 14:45:41:581] <28975> debug:false
DEBUG	[2021-03-31 14:45:41:581] <28975> encMethod:openssl
DEBUG	[2021-03-31 14:45:41:581] <28975> type:cancel
DEBUG	[2021-03-31 14:45:41:581] <28975> mid:Niconico88
DEBUG	[2021-03-31 14:45:41:581] <28975> admin:1111
DEBUG	[2021-03-31 14:45:41:581] <28975> tid:StdpayCARDNiconico8820210331144539569364
DEBUG	[2021-03-31 14:45:41:581] <28975> cancelmsg:DB FAIL
INFO	[2021-03-31 14:45:41:581] <28975> Check Field OK
INFO	[2021-03-31 14:45:41:581] <28975> INPUT TID > StdpayCARDNiconico8820210331144539569364
INFO	[2021-03-31 14:45:41:581] <28975> PI PUB KEY LOAD OK []
INFO	[2021-03-31 14:45:41:585] <28975> PG PUB KEY LOAD OK [30]
ERROR	[2021-03-31 14:45:41:586] <28975> μƒμ κ°μΈν‚¤ λ΅λ“μ¤λ¥
INFO	[2021-03-31 14:45:41:659] <28975> END cancel [TX9301|μƒμ κ°μΈν‚¤ λ΅λ“μ¤λ¥] Laptime:[0.078sec]
INFO	[2021-03-31 14:45:41:659] <28975> ===============================================================
INFO	[2021-03-31 16:56:01:604] <9917> START INIPHP cancel (NV5053-20190404)(OS:Linux5.4.0-1029-aws,PHP:7.3.19-1+ubuntu18.04.1+deb.sury.org+1)
DEBUG	[2021-03-31 16:56:01:604] <9917> inipayhome:/home/niconicomall/www/shop/inicis
DEBUG	[2021-03-31 16:56:01:604] <9917> debug:false
DEBUG	[2021-03-31 16:56:01:604] <9917> encMethod:openssl
DEBUG	[2021-03-31 16:56:01:604] <9917> type:cancel
DEBUG	[2021-03-31 16:56:01:604] <9917> mid:Niconico88
DEBUG	[2021-03-31 16:56:01:604] <9917> admin:1111
DEBUG	[2021-03-31 16:56:01:604] <9917> tid:StdpayVBNKNiconico8820210331165601015322
DEBUG	[2021-03-31 16:56:01:604] <9917> cancelmsg:DB FAIL
INFO	[2021-03-31 16:56:01:604] <9917> Check Field OK
INFO	[2021-03-31 16:56:01:604] <9917> INPUT TID > StdpayVBNKNiconico8820210331165601015322
INFO	[2021-03-31 16:56:01:604] <9917> PI PUB KEY LOAD OK []
INFO	[2021-03-31 16:56:01:604] <9917> PG PUB KEY LOAD OK [30]
ERROR	[2021-03-31 16:56:01:604] <9917> μƒμ κ°μΈν‚¤ λ΅λ“μ¤λ¥
INFO	[2021-03-31 16:56:01:682] <9917> END cancel [TX9301|μƒμ κ°μΈν‚¤ λ΅λ“μ¤λ¥] Laptime:[0.079sec]
INFO	[2021-03-31 16:56:01:682] <9917> ===============================================================
INFO	[2021-03-31 16:57:13:541] <1752> START INIPHP cancel (NV5053-20190404)(OS:Linux5.4.0-1029-aws,PHP:7.3.19-1+ubuntu18.04.1+deb.sury.org+1)
DEBUG	[2021-03-31 16:57:13:541] <1752> inipayhome:/home/niconicomall/www/shop/inicis
DEBUG	[2021-03-31 16:57:13:541] <1752> debug:false
DEBUG	[2021-03-31 16:57:13:541] <1752> encMethod:openssl
DEBUG	[2021-03-31 16:57:13:541] <1752> type:cancel
DEBUG	[2021-03-31 16:57:13:541] <1752> mid:Niconico88
DEBUG	[2021-03-31 16:57:13:541] <1752> admin:1111
DEBUG	[2021-03-31 16:57:13:541] <1752> tid:StdpayVBNKNiconico8820210331165713059973
DEBUG	[2021-03-31 16:57:13:541] <1752> cancelmsg:DB FAIL
INFO	[2021-03-31 16:57:13:541] <1752> Check Field OK
INFO	[2021-03-31 16:57:13:541] <1752> INPUT TID > StdpayVBNKNiconico8820210331165713059973
INFO	[2021-03-31 16:57:13:541] <1752> PI PUB KEY LOAD OK []
INFO	[2021-03-31 16:57:13:542] <1752> PG PUB KEY LOAD OK [30]
ERROR	[2021-03-31 16:57:13:542] <1752> μƒμ κ°μΈν‚¤ λ΅λ“μ¤λ¥
INFO	[2021-03-31 16:57:13:576] <1752> END cancel [TX9301|μƒμ κ°μΈν‚¤ λ΅λ“μ¤λ¥] Laptime:[0.035sec]
INFO	[2021-03-31 16:57:13:576] <1752> ===============================================================
INFO	[2021-03-31 21:48:21:982] <28974> START INIPHP cancel (NV5053-20190404)(OS:Linux5.4.0-1029-aws,PHP:7.3.19-1+ubuntu18.04.1+deb.sury.org+1)
DEBUG	[2021-03-31 21:48:21:982] <28974> inipayhome:/home/niconicomall/www/shop/inicis
DEBUG	[2021-03-31 21:48:21:982] <28974> debug:false
DEBUG	[2021-03-31 21:48:21:982] <28974> encMethod:openssl
DEBUG	[2021-03-31 21:48:21:982] <28974> type:cancel
DEBUG	[2021-03-31 21:48:21:982] <28974> mid:Niconico88
DEBUG	[2021-03-31 21:48:21:982] <28974> admin:1111
DEBUG	[2021-03-31 21:48:21:982] <28974> tid:StdpayISP_Niconico8820210331214820603109
DEBUG	[2021-03-31 21:48:21:982] <28974> cancelmsg:DB FAIL
INFO	[2021-03-31 21:48:21:982] <28974> Check Field OK
INFO	[2021-03-31 21:48:21:982] <28974> INPUT TID > StdpayISP_Niconico8820210331214820603109
INFO	[2021-03-31 21:48:21:983] <28974> PI PUB KEY LOAD OK []
INFO	[2021-03-31 21:48:21:983] <28974> PG PUB KEY LOAD OK [30]
ERROR	[2021-03-31 21:48:21:983] <28974> μƒμ κ°μΈν‚¤ λ΅λ“μ¤λ¥
INFO	[2021-03-31 21:48:22:95] <28974> END cancel [TX9301|μƒμ κ°μΈν‚¤ λ΅λ“μ¤λ¥] Laptime:[0.112sec]
INFO	[2021-03-31 21:48:22:95] <28974> ===============================================================
INFO	[2021-03-31 21:53:35:312] <1751> START INIPHP cancel (NV5053-20190404)(OS:Linux5.4.0-1029-aws,PHP:7.3.19-1+ubuntu18.04.1+deb.sury.org+1)
DEBUG	[2021-03-31 21:53:35:312] <1751> inipayhome:/home/niconicomall/www/shop/inicis
DEBUG	[2021-03-31 21:53:35:312] <1751> debug:false
DEBUG	[2021-03-31 21:53:35:312] <1751> encMethod:openssl
DEBUG	[2021-03-31 21:53:35:312] <1751> type:cancel
DEBUG	[2021-03-31 21:53:35:312] <1751> mid:Niconico88
DEBUG	[2021-03-31 21:53:35:312] <1751> admin:1111
DEBUG	[2021-03-31 21:53:35:312] <1751> tid:INIMX_VBNKNiconico8820201130232806305162
DEBUG	[2021-03-31 21:53:35:312] <1751> cancelmsg:ΑΦΉ®ΐΪ Ί»ΐΞ ΓλΌ-±ΓΈΕΗίΎξΏδ
INFO	[2021-03-31 21:53:35:312] <1751> Check Field OK
INFO	[2021-03-31 21:53:35:312] <1751> INPUT TID > INIMX_VBNKNiconico8820201130232806305162
INFO	[2021-03-31 21:53:35:312] <1751> PI PUB KEY LOAD OK []
INFO	[2021-03-31 21:53:35:312] <1751> PG PUB KEY LOAD OK [30]
ERROR	[2021-03-31 21:53:35:312] <1751> μƒμ κ°μΈν‚¤ λ΅λ“μ¤λ¥
INFO	[2021-03-31 21:53:35:385] <1751> END cancel [TX9301|μƒμ κ°μΈν‚¤ λ΅λ“μ¤λ¥] Laptime:[0.074sec]
INFO	[2021-03-31 21:53:35:385] <1751> ===============================================================
