INFO	[2021-03-29 09:37:50:876] <4774> START INIPHP cancel (NV5053-20190404)(OS:Linux5.4.0-1029-aws,PHP:7.3.19-1+ubuntu18.04.1+deb.sury.org+1)
DEBUG	[2021-03-29 09:37:50:876] <4774> inipayhome:/home/niconicomall/www/shop/inicis
DEBUG	[2021-03-29 09:37:50:876] <4774> debug:false
DEBUG	[2021-03-29 09:37:50:876] <4774> encMethod:openssl
DEBUG	[2021-03-29 09:37:50:876] <4774> type:cancel
DEBUG	[2021-03-29 09:37:50:876] <4774> mid:Niconico88
DEBUG	[2021-03-29 09:37:50:876] <4774> admin:1111
DEBUG	[2021-03-29 09:37:50:876] <4774> tid:StdpayCARDNiconico8820210329093749709617
DEBUG	[2021-03-29 09:37:50:876] <4774> cancelmsg:DB FAIL
INFO	[2021-03-29 09:37:50:876] <4774> Check Field OK
INFO	[2021-03-29 09:37:50:876] <4774> INPUT TID > StdpayCARDNiconico8820210329093749709617
INFO	[2021-03-29 09:37:50:876] <4774> PI PUB KEY LOAD OK []
INFO	[2021-03-29 09:37:50:876] <4774> PG PUB KEY LOAD OK [30]
ERROR	[2021-03-29 09:37:50:876] <4774> 상점개인키 로드오류
INFO	[2021-03-29 09:37:51:26] <4774> END cancel [TX9301|상점개인키 로드오류] Laptime:[0.15sec]
INFO	[2021-03-29 09:37:51:26] <4774> ===============================================================
INFO	[2021-03-29 10:14:40:681] <28731> START INIPHP cancel (NV5053-20190404)(OS:Linux5.4.0-1029-aws,PHP:7.3.19-1+ubuntu18.04.1+deb.sury.org+1)
DEBUG	[2021-03-29 10:14:40:681] <28731> inipayhome:/home/niconicomall/www/shop/inicis
DEBUG	[2021-03-29 10:14:40:681] <28731> debug:false
DEBUG	[2021-03-29 10:14:40:681] <28731> encMethod:openssl
DEBUG	[2021-03-29 10:14:40:681] <28731> type:cancel
DEBUG	[2021-03-29 10:14:40:681] <28731> mid:Niconico88
DEBUG	[2021-03-29 10:14:40:681] <28731> admin:1111
DEBUG	[2021-03-29 10:14:40:681] <28731> tid:StdpayVBNKNiconico8820210329101440053518
DEBUG	[2021-03-29 10:14:40:681] <28731> cancelmsg:DB FAIL
INFO	[2021-03-29 10:14:40:681] <28731> Check Field OK
INFO	[2021-03-29 10:14:40:681] <28731> INPUT TID > StdpayVBNKNiconico8820210329101440053518
INFO	[2021-03-29 10:14:40:681] <28731> PI PUB KEY LOAD OK []
INFO	[2021-03-29 10:14:40:682] <28731> PG PUB KEY LOAD OK [30]
ERROR	[2021-03-29 10:14:40:682] <28731> 상점개인키 로드오류
INFO	[2021-03-29 10:14:40:823] <28731> END cancel [TX9301|상점개인키 로드오류] Laptime:[0.142sec]
INFO	[2021-03-29 10:14:40:824] <28731> ===============================================================
INFO	[2021-03-29 14:07:12:689] <28974> START INIPHP cancel (NV5053-20190404)(OS:Linux5.4.0-1029-aws,PHP:7.3.19-1+ubuntu18.04.1+deb.sury.org+1)
DEBUG	[2021-03-29 14:07:12:689] <28974> inipayhome:/home/niconicomall/www/shop/inicis
DEBUG	[2021-03-29 14:07:12:689] <28974> debug:false
DEBUG	[2021-03-29 14:07:12:689] <28974> encMethod:openssl
DEBUG	[2021-03-29 14:07:12:689] <28974> type:cancel
DEBUG	[2021-03-29 14:07:12:689] <28974> mid:Niconico88
DEBUG	[2021-03-29 14:07:12:689] <28974> admin:1111
DEBUG	[2021-03-29 14:07:12:689] <28974> tid:StdpayCARDNiconico8820210329140711930668
DEBUG	[2021-03-29 14:07:12:689] <28974> cancelmsg:DB FAIL
INFO	[2021-03-29 14:07:12:690] <28974> Check Field OK
INFO	[2021-03-29 14:07:12:690] <28974> INPUT TID > StdpayCARDNiconico8820210329140711930668
INFO	[2021-03-29 14:07:12:690] <28974> PI PUB KEY LOAD OK []
INFO	[2021-03-29 14:07:12:690] <28974> PG PUB KEY LOAD OK [30]
ERROR	[2021-03-29 14:07:12:690] <28974> 상점개인키 로드오류
INFO	[2021-03-29 14:07:12:765] <28974> END cancel [TX9301|상점개인키 로드오류] Laptime:[0.076sec]
INFO	[2021-03-29 14:07:12:765] <28974> ===============================================================
INFO	[2021-03-29 15:27:17:18] <28732> START INIPHP cancel (NV5053-20190404)(OS:Linux5.4.0-1029-aws,PHP:7.3.19-1+ubuntu18.04.1+deb.sury.org+1)
DEBUG	[2021-03-29 15:27:17:18] <28732> inipayhome:/home/niconicomall/www/shop/inicis
DEBUG	[2021-03-29 15:27:17:18] <28732> debug:false
DEBUG	[2021-03-29 15:27:17:18] <28732> encMethod:openssl
DEBUG	[2021-03-29 15:27:17:18] <28732> type:cancel
DEBUG	[2021-03-29 15:27:17:18] <28732> mid:Niconico88
DEBUG	[2021-03-29 15:27:17:18] <28732> admin:1111
DEBUG	[2021-03-29 15:27:17:18] <28732> tid:StdpayCARDNiconico8820210329152715772734
DEBUG	[2021-03-29 15:27:17:18] <28732> cancelmsg:DB FAIL
INFO	[2021-03-29 15:27:17:18] <28732> Check Field OK
INFO	[2021-03-29 15:27:17:18] <28732> INPUT TID > StdpayCARDNiconico8820210329152715772734
INFO	[2021-03-29 15:27:17:18] <28732> PI PUB KEY LOAD OK []
INFO	[2021-03-29 15:27:17:18] <28732> PG PUB KEY LOAD OK [30]
ERROR	[2021-03-29 15:27:17:19] <28732> 상점개인키 로드오류
INFO	[2021-03-29 15:27:17:94] <28732> END cancel [TX9301|상점개인키 로드오류] Laptime:[0.076sec]
INFO	[2021-03-29 15:27:17:94] <28732> ===============================================================
