INFO	[2021-03-08 10:23:43:9] <16764> START INIPHP cancel (NV5053-20190404)(OS:Linux5.4.0-1029-aws,PHP:7.3.19-1+ubuntu18.04.1+deb.sury.org+1)
DEBUG	[2021-03-08 10:23:43:9] <16764> inipayhome:/home/niconicomall/www/shop/inicis
DEBUG	[2021-03-08 10:23:43:9] <16764> debug:false
DEBUG	[2021-03-08 10:23:43:9] <16764> encMethod:openssl
DEBUG	[2021-03-08 10:23:43:9] <16764> type:cancel
DEBUG	[2021-03-08 10:23:43:9] <16764> mid:Niconico88
DEBUG	[2021-03-08 10:23:43:9] <16764> admin:1111
DEBUG	[2021-03-08 10:23:43:9] <16764> tid:INIMX_CARDNiconico8820210307150850725270
DEBUG	[2021-03-08 10:23:43:9] <16764> cancelmsg:ºÓ«Œ∏Ù øÓøµ¿⁄ Ω¬¿Œ √Îº“
INFO	[2021-03-08 10:23:43:9] <16764> Check Field OK
INFO	[2021-03-08 10:23:43:9] <16764> INPUT TID > INIMX_CARDNiconico8820210307150850725270
INFO	[2021-03-08 10:23:43:9] <16764> PI PUB KEY LOAD OK []
INFO	[2021-03-08 10:23:43:10] <16764> PG PUB KEY LOAD OK [30]
ERROR	[2021-03-08 10:23:43:10] <16764> ÏÉÅÏ†êÍ∞úÏù∏ÌÇ§ Î°úÎìúÏò§Î•ò
INFO	[2021-03-08 10:23:43:85] <16764> END cancel [TX9301|ÏÉÅÏ†êÍ∞úÏù∏ÌÇ§ Î°úÎìúÏò§Î•ò] Laptime:[0.076sec]
INFO	[2021-03-08 10:23:43:85] <16764> ===============================================================
INFO	[2021-03-08 13:43:11:756] <374> START INIPHP cancel (NV5053-20190404)(OS:Linux5.4.0-1029-aws,PHP:7.3.19-1+ubuntu18.04.1+deb.sury.org+1)
DEBUG	[2021-03-08 13:43:11:756] <374> inipayhome:/home/niconicomall/www/shop/inicis
DEBUG	[2021-03-08 13:43:11:756] <374> debug:false
DEBUG	[2021-03-08 13:43:11:756] <374> encMethod:openssl
DEBUG	[2021-03-08 13:43:11:756] <374> type:cancel
DEBUG	[2021-03-08 13:43:11:756] <374> mid:Niconico88
DEBUG	[2021-03-08 13:43:11:756] <374> admin:1111
DEBUG	[2021-03-08 13:43:11:756] <374> tid:INIMX_CARDNiconico8820210306002723205146
DEBUG	[2021-03-08 13:43:11:756] <374> cancelmsg:ºÓ«Œ∏Ù øÓøµ¿⁄ Ω¬¿Œ √Îº“
INFO	[2021-03-08 13:43:11:756] <374> Check Field OK
INFO	[2021-03-08 13:43:11:756] <374> INPUT TID > INIMX_CARDNiconico8820210306002723205146
INFO	[2021-03-08 13:43:11:756] <374> PI PUB KEY LOAD OK []
INFO	[2021-03-08 13:43:11:756] <374> PG PUB KEY LOAD OK [30]
ERROR	[2021-03-08 13:43:11:756] <374> ÏÉÅÏ†êÍ∞úÏù∏ÌÇ§ Î°úÎìúÏò§Î•ò
INFO	[2021-03-08 13:43:11:832] <374> END cancel [TX9301|ÏÉÅÏ†êÍ∞úÏù∏ÌÇ§ Î°úÎìúÏò§Î•ò] Laptime:[0.076sec]
INFO	[2021-03-08 13:43:11:832] <374> ===============================================================
INFO	[2021-03-08 15:12:45:140] <374> START INIPHP cancel (NV5053-20190404)(OS:Linux5.4.0-1029-aws,PHP:7.3.19-1+ubuntu18.04.1+deb.sury.org+1)
DEBUG	[2021-03-08 15:12:45:140] <374> inipayhome:/home/niconicomall/www/shop/inicis
DEBUG	[2021-03-08 15:12:45:140] <374> debug:false
DEBUG	[2021-03-08 15:12:45:140] <374> encMethod:openssl
DEBUG	[2021-03-08 15:12:45:140] <374> type:cancel
DEBUG	[2021-03-08 15:12:45:140] <374> mid:Niconico88
DEBUG	[2021-03-08 15:12:45:140] <374> admin:1111
DEBUG	[2021-03-08 15:12:45:140] <374> tid:INIMX_VBNKNiconico8820210308131200645151
DEBUG	[2021-03-08 15:12:45:140] <374> cancelmsg:¡÷πÆ¿⁄ ∫ª¿Œ √Îº“-¿ﬂ∏¯ º±≈√
INFO	[2021-03-08 15:12:45:140] <374> Check Field OK
INFO	[2021-03-08 15:12:45:140] <374> INPUT TID > INIMX_VBNKNiconico8820210308131200645151
INFO	[2021-03-08 15:12:45:140] <374> PI PUB KEY LOAD OK []
INFO	[2021-03-08 15:12:45:140] <374> PG PUB KEY LOAD OK [30]
ERROR	[2021-03-08 15:12:45:140] <374> ÏÉÅÏ†êÍ∞úÏù∏ÌÇ§ Î°úÎìúÏò§Î•ò
INFO	[2021-03-08 15:12:45:216] <374> END cancel [TX9301|ÏÉÅÏ†êÍ∞úÏù∏ÌÇ§ Î°úÎìúÏò§Î•ò] Laptime:[0.076sec]
INFO	[2021-03-08 15:12:45:216] <374> ===============================================================
INFO	[2021-03-08 15:13:16:594] <362> START INIPHP cancel (NV5053-20190404)(OS:Linux5.4.0-1029-aws,PHP:7.3.19-1+ubuntu18.04.1+deb.sury.org+1)
DEBUG	[2021-03-08 15:13:16:594] <362> inipayhome:/home/niconicomall/www/shop/inicis
DEBUG	[2021-03-08 15:13:16:594] <362> debug:false
DEBUG	[2021-03-08 15:13:16:594] <362> encMethod:openssl
DEBUG	[2021-03-08 15:13:16:594] <362> type:cancel
DEBUG	[2021-03-08 15:13:16:594] <362> mid:Niconico88
DEBUG	[2021-03-08 15:13:16:594] <362> admin:1111
DEBUG	[2021-03-08 15:13:16:594] <362> tid:INIMX_VBNKNiconico8820210308131200645151
DEBUG	[2021-03-08 15:13:16:594] <362> cancelmsg:¡÷πÆ¿⁄ ∫ª¿Œ √Îº“-¿ﬂ∏¯ º±≈√
INFO	[2021-03-08 15:13:16:594] <362> Check Field OK
INFO	[2021-03-08 15:13:16:594] <362> INPUT TID > INIMX_VBNKNiconico8820210308131200645151
INFO	[2021-03-08 15:13:16:594] <362> PI PUB KEY LOAD OK []
INFO	[2021-03-08 15:13:16:594] <362> PG PUB KEY LOAD OK [30]
ERROR	[2021-03-08 15:13:16:594] <362> ÏÉÅÏ†êÍ∞úÏù∏ÌÇ§ Î°úÎìúÏò§Î•ò
INFO	[2021-03-08 15:13:16:634] <362> END cancel [TX9301|ÏÉÅÏ†êÍ∞úÏù∏ÌÇ§ Î°úÎìúÏò§Î•ò] Laptime:[0.041sec]
INFO	[2021-03-08 15:13:16:634] <362> ===============================================================
INFO	[2021-03-08 15:14:05:629] <16764> START INIPHP cancel (NV5053-20190404)(OS:Linux5.4.0-1029-aws,PHP:7.3.19-1+ubuntu18.04.1+deb.sury.org+1)
DEBUG	[2021-03-08 15:14:05:629] <16764> inipayhome:/home/niconicomall/www/shop/inicis
DEBUG	[2021-03-08 15:14:05:629] <16764> debug:false
DEBUG	[2021-03-08 15:14:05:629] <16764> encMethod:openssl
DEBUG	[2021-03-08 15:14:05:629] <16764> type:cancel
DEBUG	[2021-03-08 15:14:05:629] <16764> mid:Niconico88
DEBUG	[2021-03-08 15:14:05:629] <16764> admin:1111
DEBUG	[2021-03-08 15:14:05:629] <16764> tid:INIMX_VBNKNiconico8820210308131200645151
DEBUG	[2021-03-08 15:14:05:629] <16764> cancelmsg:¡÷πÆ¿⁄ ∫ª¿Œ √Îº“-¿ﬂ∏¯ º±≈√
INFO	[2021-03-08 15:14:05:629] <16764> Check Field OK
INFO	[2021-03-08 15:14:05:629] <16764> INPUT TID > INIMX_VBNKNiconico8820210308131200645151
INFO	[2021-03-08 15:14:05:629] <16764> PI PUB KEY LOAD OK []
INFO	[2021-03-08 15:14:05:629] <16764> PG PUB KEY LOAD OK [30]
ERROR	[2021-03-08 15:14:05:629] <16764> ÏÉÅÏ†êÍ∞úÏù∏ÌÇ§ Î°úÎìúÏò§Î•ò
INFO	[2021-03-08 15:14:05:667] <16764> END cancel [TX9301|ÏÉÅÏ†êÍ∞úÏù∏ÌÇ§ Î°úÎìúÏò§Î•ò] Laptime:[0.038sec]
INFO	[2021-03-08 15:14:05:667] <16764> ===============================================================
