INFO	[2021-03-03 09:45:59:282] <16775> START INIPHP cancel (NV5053-20190404)(OS:Linux5.4.0-1029-aws,PHP:7.3.19-1+ubuntu18.04.1+deb.sury.org+1)
DEBUG	[2021-03-03 09:45:59:282] <16775> inipayhome:/home/niconicomall/www/shop/inicis
DEBUG	[2021-03-03 09:45:59:282] <16775> debug:false
DEBUG	[2021-03-03 09:45:59:282] <16775> encMethod:openssl
DEBUG	[2021-03-03 09:45:59:282] <16775> type:cancel
DEBUG	[2021-03-03 09:45:59:282] <16775> mid:Niconico88
DEBUG	[2021-03-03 09:45:59:282] <16775> admin:1111
DEBUG	[2021-03-03 09:45:59:282] <16775> tid:INIMX_CARDNiconico8820210302192428665401
DEBUG	[2021-03-03 09:45:59:282] <16775> cancelmsg:ºÓ«Œ∏Ù øÓøµ¿⁄ Ω¬¿Œ √Îº“
INFO	[2021-03-03 09:45:59:282] <16775> Check Field OK
INFO	[2021-03-03 09:45:59:282] <16775> INPUT TID > INIMX_CARDNiconico8820210302192428665401
INFO	[2021-03-03 09:45:59:282] <16775> PI PUB KEY LOAD OK []
INFO	[2021-03-03 09:45:59:282] <16775> PG PUB KEY LOAD OK [30]
ERROR	[2021-03-03 09:45:59:282] <16775> ÏÉÅÏ†êÍ∞úÏù∏ÌÇ§ Î°úÎìúÏò§Î•ò
INFO	[2021-03-03 09:45:59:362] <16775> END cancel [TX9301|ÏÉÅÏ†êÍ∞úÏù∏ÌÇ§ Î°úÎìúÏò§Î•ò] Laptime:[0.08sec]
INFO	[2021-03-03 09:45:59:362] <16775> ===============================================================
INFO	[2021-03-03 09:51:52:622] <368> START INIPHP cancel (NV5053-20190404)(OS:Linux5.4.0-1029-aws,PHP:7.3.19-1+ubuntu18.04.1+deb.sury.org+1)
DEBUG	[2021-03-03 09:51:52:622] <368> inipayhome:/home/niconicomall/www/shop/inicis
DEBUG	[2021-03-03 09:51:52:622] <368> debug:false
DEBUG	[2021-03-03 09:51:52:622] <368> encMethod:openssl
DEBUG	[2021-03-03 09:51:52:622] <368> type:cancel
DEBUG	[2021-03-03 09:51:52:622] <368> mid:Niconico88
DEBUG	[2021-03-03 09:51:52:622] <368> admin:1111
DEBUG	[2021-03-03 09:51:52:622] <368> tid:INIMX_CARDNiconico8820210302203841545071
DEBUG	[2021-03-03 09:51:52:622] <368> cancelmsg:ºÓ«Œ∏Ù øÓøµ¿⁄ Ω¬¿Œ √Îº“
INFO	[2021-03-03 09:51:52:622] <368> Check Field OK
INFO	[2021-03-03 09:51:52:622] <368> INPUT TID > INIMX_CARDNiconico8820210302203841545071
INFO	[2021-03-03 09:51:52:622] <368> PI PUB KEY LOAD OK []
INFO	[2021-03-03 09:51:52:622] <368> PG PUB KEY LOAD OK [30]
ERROR	[2021-03-03 09:51:52:623] <368> ÏÉÅÏ†êÍ∞úÏù∏ÌÇ§ Î°úÎìúÏò§Î•ò
INFO	[2021-03-03 09:51:52:692] <368> END cancel [TX9301|ÏÉÅÏ†êÍ∞úÏù∏ÌÇ§ Î°úÎìúÏò§Î•ò] Laptime:[0.07sec]
INFO	[2021-03-03 09:51:52:692] <368> ===============================================================
INFO	[2021-03-03 11:40:20:204] <371> START INIPHP cancel (NV5053-20190404)(OS:Linux5.4.0-1029-aws,PHP:7.3.19-1+ubuntu18.04.1+deb.sury.org+1)
DEBUG	[2021-03-03 11:40:20:204] <371> inipayhome:/home/niconicomall/www/shop/inicis
DEBUG	[2021-03-03 11:40:20:204] <371> debug:false
DEBUG	[2021-03-03 11:40:20:204] <371> encMethod:openssl
DEBUG	[2021-03-03 11:40:20:204] <371> type:cancel
DEBUG	[2021-03-03 11:40:20:204] <371> mid:Niconico88
DEBUG	[2021-03-03 11:40:20:204] <371> admin:1111
DEBUG	[2021-03-03 11:40:20:204] <371> tid:StdpayCARDNiconico8820210302185508926271
DEBUG	[2021-03-03 11:40:20:204] <371> cancelmsg:ºÓ«Œ∏Ù øÓøµ¿⁄ Ω¬¿Œ √Îº“
INFO	[2021-03-03 11:40:20:204] <371> Check Field OK
INFO	[2021-03-03 11:40:20:204] <371> INPUT TID > StdpayCARDNiconico8820210302185508926271
INFO	[2021-03-03 11:40:20:204] <371> PI PUB KEY LOAD OK []
INFO	[2021-03-03 11:40:20:204] <371> PG PUB KEY LOAD OK [30]
ERROR	[2021-03-03 11:40:20:204] <371> ÏÉÅÏ†êÍ∞úÏù∏ÌÇ§ Î°úÎìúÏò§Î•ò
INFO	[2021-03-03 11:40:20:305] <371> END cancel [TX9301|ÏÉÅÏ†êÍ∞úÏù∏ÌÇ§ Î°úÎìúÏò§Î•ò] Laptime:[0.102sec]
INFO	[2021-03-03 11:40:20:305] <371> ===============================================================
