INFO	[2021-03-09 11:14:50:553] <370> START INIPHP cancel (NV5053-20190404)(OS:Linux5.4.0-1029-aws,PHP:7.3.19-1+ubuntu18.04.1+deb.sury.org+1)
DEBUG	[2021-03-09 11:14:50:553] <370> inipayhome:/home/niconicomall/www/shop/inicis
DEBUG	[2021-03-09 11:14:50:553] <370> debug:false
DEBUG	[2021-03-09 11:14:50:553] <370> encMethod:openssl
DEBUG	[2021-03-09 11:14:50:553] <370> type:cancel
DEBUG	[2021-03-09 11:14:50:553] <370> mid:Niconico88
DEBUG	[2021-03-09 11:14:50:553] <370> admin:1111
DEBUG	[2021-03-09 11:14:50:553] <370> tid:INIMX_VBNKNiconico8820210309111343305653
DEBUG	[2021-03-09 11:14:50:553] <370> cancelmsg:¡÷πÆ¿⁄ ∫ª¿Œ √Îº“-∫ØΩ…
INFO	[2021-03-09 11:14:50:553] <370> Check Field OK
INFO	[2021-03-09 11:14:50:553] <370> INPUT TID > INIMX_VBNKNiconico8820210309111343305653
INFO	[2021-03-09 11:14:50:553] <370> PI PUB KEY LOAD OK []
INFO	[2021-03-09 11:14:50:554] <370> PG PUB KEY LOAD OK [30]
ERROR	[2021-03-09 11:14:50:554] <370> ÏÉÅÏ†êÍ∞úÏù∏ÌÇ§ Î°úÎìúÏò§Î•ò
INFO	[2021-03-09 11:14:50:626] <370> END cancel [TX9301|ÏÉÅÏ†êÍ∞úÏù∏ÌÇ§ Î°úÎìúÏò§Î•ò] Laptime:[0.073sec]
INFO	[2021-03-09 11:14:50:626] <370> ===============================================================
INFO	[2021-03-09 11:15:38:125] <366> START INIPHP cancel (NV5053-20190404)(OS:Linux5.4.0-1029-aws,PHP:7.3.19-1+ubuntu18.04.1+deb.sury.org+1)
DEBUG	[2021-03-09 11:15:38:125] <366> inipayhome:/home/niconicomall/www/shop/inicis
DEBUG	[2021-03-09 11:15:38:125] <366> debug:false
DEBUG	[2021-03-09 11:15:38:125] <366> encMethod:openssl
DEBUG	[2021-03-09 11:15:38:125] <366> type:cancel
DEBUG	[2021-03-09 11:15:38:125] <366> mid:Niconico88
DEBUG	[2021-03-09 11:15:38:125] <366> admin:1111
DEBUG	[2021-03-09 11:15:38:125] <366> tid:INIMX_VBNKNiconico8820210309111343305653
DEBUG	[2021-03-09 11:15:38:125] <366> cancelmsg:¡÷πÆ¿⁄ ∫ª¿Œ √Îº“-∞Ì∞¥∫ØΩ…
INFO	[2021-03-09 11:15:38:125] <366> Check Field OK
INFO	[2021-03-09 11:15:38:125] <366> INPUT TID > INIMX_VBNKNiconico8820210309111343305653
INFO	[2021-03-09 11:15:38:125] <366> PI PUB KEY LOAD OK []
INFO	[2021-03-09 11:15:38:125] <366> PG PUB KEY LOAD OK [30]
ERROR	[2021-03-09 11:15:38:125] <366> ÏÉÅÏ†êÍ∞úÏù∏ÌÇ§ Î°úÎìúÏò§Î•ò
INFO	[2021-03-09 11:15:38:164] <366> END cancel [TX9301|ÏÉÅÏ†êÍ∞úÏù∏ÌÇ§ Î°úÎìúÏò§Î•ò] Laptime:[0.04sec]
INFO	[2021-03-09 11:15:38:164] <366> ===============================================================
INFO	[2021-03-09 11:15:59:281] <16776> START INIPHP cancel (NV5053-20190404)(OS:Linux5.4.0-1029-aws,PHP:7.3.19-1+ubuntu18.04.1+deb.sury.org+1)
DEBUG	[2021-03-09 11:15:59:281] <16776> inipayhome:/home/niconicomall/www/shop/inicis
DEBUG	[2021-03-09 11:15:59:281] <16776> debug:false
DEBUG	[2021-03-09 11:15:59:281] <16776> encMethod:openssl
DEBUG	[2021-03-09 11:15:59:281] <16776> type:cancel
DEBUG	[2021-03-09 11:15:59:281] <16776> mid:Niconico88
DEBUG	[2021-03-09 11:15:59:281] <16776> admin:1111
DEBUG	[2021-03-09 11:15:59:281] <16776> tid:INIMX_VBNKNiconico8820210309111343305653
DEBUG	[2021-03-09 11:15:59:281] <16776> cancelmsg:¡÷πÆ¿⁄ ∫ª¿Œ √Îº“-∞Ì∞¥∫ØΩ…
INFO	[2021-03-09 11:15:59:281] <16776> Check Field OK
INFO	[2021-03-09 11:15:59:281] <16776> INPUT TID > INIMX_VBNKNiconico8820210309111343305653
INFO	[2021-03-09 11:15:59:281] <16776> PI PUB KEY LOAD OK []
INFO	[2021-03-09 11:15:59:281] <16776> PG PUB KEY LOAD OK [30]
ERROR	[2021-03-09 11:15:59:281] <16776> ÏÉÅÏ†êÍ∞úÏù∏ÌÇ§ Î°úÎìúÏò§Î•ò
INFO	[2021-03-09 11:15:59:315] <16776> END cancel [TX9301|ÏÉÅÏ†êÍ∞úÏù∏ÌÇ§ Î°úÎìúÏò§Î•ò] Laptime:[0.034sec]
INFO	[2021-03-09 11:15:59:315] <16776> ===============================================================
INFO	[2021-03-09 17:54:37:220] <16771> START INIPHP cancel (NV5053-20190404)(OS:Linux5.4.0-1029-aws,PHP:7.3.19-1+ubuntu18.04.1+deb.sury.org+1)
DEBUG	[2021-03-09 17:54:37:220] <16771> inipayhome:/home/niconicomall/www/shop/inicis
DEBUG	[2021-03-09 17:54:37:220] <16771> debug:false
DEBUG	[2021-03-09 17:54:37:220] <16771> encMethod:openssl
DEBUG	[2021-03-09 17:54:37:220] <16771> type:cancel
DEBUG	[2021-03-09 17:54:37:220] <16771> mid:Niconico88
DEBUG	[2021-03-09 17:54:37:220] <16771> admin:1111
DEBUG	[2021-03-09 17:54:37:220] <16771> tid:INIMX_VBNKNiconico8820210309175120824484
DEBUG	[2021-03-09 17:54:37:220] <16771> cancelmsg:¡÷πÆ¿⁄ ∫ª¿Œ √Îº“-ºˆ∑Æ ø¿¬˜
INFO	[2021-03-09 17:54:37:221] <16771> Check Field OK
INFO	[2021-03-09 17:54:37:221] <16771> INPUT TID > INIMX_VBNKNiconico8820210309175120824484
INFO	[2021-03-09 17:54:37:221] <16771> PI PUB KEY LOAD OK []
INFO	[2021-03-09 17:54:37:221] <16771> PG PUB KEY LOAD OK [30]
ERROR	[2021-03-09 17:54:37:221] <16771> ÏÉÅÏ†êÍ∞úÏù∏ÌÇ§ Î°úÎìúÏò§Î•ò
INFO	[2021-03-09 17:54:37:297] <16771> END cancel [TX9301|ÏÉÅÏ†êÍ∞úÏù∏ÌÇ§ Î°úÎìúÏò§Î•ò] Laptime:[0.077sec]
INFO	[2021-03-09 17:54:37:297] <16771> ===============================================================
