INFO	[2021-03-24 13:17:06:717] <16778> START INIPHP cancel (NV5053-20190404)(OS:Linux5.4.0-1029-aws,PHP:7.3.19-1+ubuntu18.04.1+deb.sury.org+1)
DEBUG	[2021-03-24 13:17:06:717] <16778> inipayhome:/home/niconicomall/www/shop/inicis
DEBUG	[2021-03-24 13:17:06:717] <16778> debug:false
DEBUG	[2021-03-24 13:17:06:717] <16778> encMethod:openssl
DEBUG	[2021-03-24 13:17:06:717] <16778> type:cancel
DEBUG	[2021-03-24 13:17:06:717] <16778> mid:Niconico88
DEBUG	[2021-03-24 13:17:06:717] <16778> admin:1111
DEBUG	[2021-03-24 13:17:06:717] <16778> tid:StdpayCARDNiconico8820210324131705749578
DEBUG	[2021-03-24 13:17:06:717] <16778> cancelmsg:DB FAIL
INFO	[2021-03-24 13:17:06:717] <16778> Check Field OK
INFO	[2021-03-24 13:17:06:717] <16778> INPUT TID > StdpayCARDNiconico8820210324131705749578
INFO	[2021-03-24 13:17:06:717] <16778> PI PUB KEY LOAD OK []
INFO	[2021-03-24 13:17:06:718] <16778> PG PUB KEY LOAD OK [30]
ERROR	[2021-03-24 13:17:06:718] <16778> μƒμ κ°μΈν‚¤ λ΅λ“μ¤λ¥
INFO	[2021-03-24 13:17:06:786] <16778> END cancel [TX9301|μƒμ κ°μΈν‚¤ λ΅λ“μ¤λ¥] Laptime:[0.069sec]
INFO	[2021-03-24 13:17:06:786] <16778> ===============================================================
INFO	[2021-03-24 16:14:07:660] <372> START INIPHP cancel (NV5053-20190404)(OS:Linux5.4.0-1029-aws,PHP:7.3.19-1+ubuntu18.04.1+deb.sury.org+1)
DEBUG	[2021-03-24 16:14:07:660] <372> inipayhome:/home/niconicomall/www/shop/inicis
DEBUG	[2021-03-24 16:14:07:660] <372> debug:false
DEBUG	[2021-03-24 16:14:07:660] <372> encMethod:openssl
DEBUG	[2021-03-24 16:14:07:660] <372> type:cancel
DEBUG	[2021-03-24 16:14:07:660] <372> mid:Niconico88
DEBUG	[2021-03-24 16:14:07:660] <372> admin:1111
DEBUG	[2021-03-24 16:14:07:660] <372> tid:StdpayCARDNiconico8820210324161406380090
DEBUG	[2021-03-24 16:14:07:660] <372> cancelmsg:DB FAIL
INFO	[2021-03-24 16:14:07:660] <372> Check Field OK
INFO	[2021-03-24 16:14:07:660] <372> INPUT TID > StdpayCARDNiconico8820210324161406380090
INFO	[2021-03-24 16:14:07:660] <372> PI PUB KEY LOAD OK []
INFO	[2021-03-24 16:14:07:661] <372> PG PUB KEY LOAD OK [30]
ERROR	[2021-03-24 16:14:07:661] <372> μƒμ κ°μΈν‚¤ λ΅λ“μ¤λ¥
INFO	[2021-03-24 16:14:07:736] <372> END cancel [TX9301|μƒμ κ°μΈν‚¤ λ΅λ“μ¤λ¥] Laptime:[0.076sec]
INFO	[2021-03-24 16:14:07:736] <372> ===============================================================
INFO	[2021-03-24 16:15:25:666] <357> START INIPHP cancel (NV5053-20190404)(OS:Linux5.4.0-1029-aws,PHP:7.3.19-1+ubuntu18.04.1+deb.sury.org+1)
DEBUG	[2021-03-24 16:15:25:666] <357> inipayhome:/home/niconicomall/www/shop/inicis
DEBUG	[2021-03-24 16:15:25:666] <357> debug:false
DEBUG	[2021-03-24 16:15:25:666] <357> encMethod:openssl
DEBUG	[2021-03-24 16:15:25:666] <357> type:cancel
DEBUG	[2021-03-24 16:15:25:666] <357> mid:Niconico88
DEBUG	[2021-03-24 16:15:25:666] <357> admin:1111
DEBUG	[2021-03-24 16:15:25:666] <357> tid:StdpayCARDNiconico8820210324161524218489
DEBUG	[2021-03-24 16:15:25:666] <357> cancelmsg:DB FAIL
INFO	[2021-03-24 16:15:25:666] <357> Check Field OK
INFO	[2021-03-24 16:15:25:666] <357> INPUT TID > StdpayCARDNiconico8820210324161524218489
INFO	[2021-03-24 16:15:25:666] <357> PI PUB KEY LOAD OK []
INFO	[2021-03-24 16:15:25:667] <357> PG PUB KEY LOAD OK [30]
ERROR	[2021-03-24 16:15:25:667] <357> μƒμ κ°μΈν‚¤ λ΅λ“μ¤λ¥
INFO	[2021-03-24 16:15:25:704] <357> END cancel [TX9301|μƒμ κ°μΈν‚¤ λ΅λ“μ¤λ¥] Laptime:[0.038sec]
INFO	[2021-03-24 16:15:25:704] <357> ===============================================================
INFO	[2021-03-24 16:16:21:76] <365> START INIPHP cancel (NV5053-20190404)(OS:Linux5.4.0-1029-aws,PHP:7.3.19-1+ubuntu18.04.1+deb.sury.org+1)
DEBUG	[2021-03-24 16:16:21:76] <365> inipayhome:/home/niconicomall/www/shop/inicis
DEBUG	[2021-03-24 16:16:21:76] <365> debug:false
DEBUG	[2021-03-24 16:16:21:76] <365> encMethod:openssl
DEBUG	[2021-03-24 16:16:21:76] <365> type:cancel
DEBUG	[2021-03-24 16:16:21:76] <365> mid:Niconico88
DEBUG	[2021-03-24 16:16:21:76] <365> admin:1111
DEBUG	[2021-03-24 16:16:21:76] <365> tid:StdpayCARDNiconico8820210324161620141382
DEBUG	[2021-03-24 16:16:21:76] <365> cancelmsg:DB FAIL
INFO	[2021-03-24 16:16:21:76] <365> Check Field OK
INFO	[2021-03-24 16:16:21:76] <365> INPUT TID > StdpayCARDNiconico8820210324161620141382
INFO	[2021-03-24 16:16:21:76] <365> PI PUB KEY LOAD OK []
INFO	[2021-03-24 16:16:21:76] <365> PG PUB KEY LOAD OK [30]
ERROR	[2021-03-24 16:16:21:76] <365> μƒμ κ°μΈν‚¤ λ΅λ“μ¤λ¥
INFO	[2021-03-24 16:16:21:113] <365> END cancel [TX9301|μƒμ κ°μΈν‚¤ λ΅λ“μ¤λ¥] Laptime:[0.037sec]
INFO	[2021-03-24 16:16:21:113] <365> ===============================================================
INFO	[2021-03-24 16:18:01:728] <16770> START INIPHP cancel (NV5053-20190404)(OS:Linux5.4.0-1029-aws,PHP:7.3.19-1+ubuntu18.04.1+deb.sury.org+1)
DEBUG	[2021-03-24 16:18:01:728] <16770> inipayhome:/home/niconicomall/www/shop/inicis
DEBUG	[2021-03-24 16:18:01:728] <16770> debug:false
DEBUG	[2021-03-24 16:18:01:728] <16770> encMethod:openssl
DEBUG	[2021-03-24 16:18:01:728] <16770> type:cancel
DEBUG	[2021-03-24 16:18:01:728] <16770> mid:Niconico88
DEBUG	[2021-03-24 16:18:01:728] <16770> admin:1111
DEBUG	[2021-03-24 16:18:01:728] <16770> tid:StdpayVBNKNiconico8820210324161801356006
DEBUG	[2021-03-24 16:18:01:728] <16770> cancelmsg:DB FAIL
INFO	[2021-03-24 16:18:01:728] <16770> Check Field OK
INFO	[2021-03-24 16:18:01:728] <16770> INPUT TID > StdpayVBNKNiconico8820210324161801356006
INFO	[2021-03-24 16:18:01:728] <16770> PI PUB KEY LOAD OK []
INFO	[2021-03-24 16:18:01:728] <16770> PG PUB KEY LOAD OK [30]
ERROR	[2021-03-24 16:18:01:728] <16770> μƒμ κ°μΈν‚¤ λ΅λ“μ¤λ¥
INFO	[2021-03-24 16:18:01:763] <16770> END cancel [TX9301|μƒμ κ°μΈν‚¤ λ΅λ“μ¤λ¥] Laptime:[0.035sec]
INFO	[2021-03-24 16:18:01:763] <16770> ===============================================================
INFO	[2021-03-24 16:19:32:798] <16762> START INIPHP cancel (NV5053-20190404)(OS:Linux5.4.0-1029-aws,PHP:7.3.19-1+ubuntu18.04.1+deb.sury.org+1)
DEBUG	[2021-03-24 16:19:32:798] <16762> inipayhome:/home/niconicomall/www/shop/inicis
DEBUG	[2021-03-24 16:19:32:798] <16762> debug:false
DEBUG	[2021-03-24 16:19:32:798] <16762> encMethod:openssl
DEBUG	[2021-03-24 16:19:32:798] <16762> type:cancel
DEBUG	[2021-03-24 16:19:32:798] <16762> mid:Niconico88
DEBUG	[2021-03-24 16:19:32:798] <16762> admin:1111
DEBUG	[2021-03-24 16:19:32:798] <16762> tid:StdpayCARDNiconico8820210324161931797668
DEBUG	[2021-03-24 16:19:32:798] <16762> cancelmsg:DB FAIL
INFO	[2021-03-24 16:19:32:798] <16762> Check Field OK
INFO	[2021-03-24 16:19:32:798] <16762> INPUT TID > StdpayCARDNiconico8820210324161931797668
INFO	[2021-03-24 16:19:32:799] <16762> PI PUB KEY LOAD OK []
INFO	[2021-03-24 16:19:32:799] <16762> PG PUB KEY LOAD OK [30]
ERROR	[2021-03-24 16:19:32:799] <16762> μƒμ κ°μΈν‚¤ λ΅λ“μ¤λ¥
INFO	[2021-03-24 16:19:32:870] <16762> END cancel [TX9301|μƒμ κ°μΈν‚¤ λ΅λ“μ¤λ¥] Laptime:[0.072sec]
INFO	[2021-03-24 16:19:32:870] <16762> ===============================================================
INFO	[2021-03-24 16:51:26:193] <364> START INIPHP cancel (NV5053-20190404)(OS:Linux5.4.0-1029-aws,PHP:7.3.19-1+ubuntu18.04.1+deb.sury.org+1)
DEBUG	[2021-03-24 16:51:26:193] <364> inipayhome:/home/niconicomall/www/shop/inicis
DEBUG	[2021-03-24 16:51:26:193] <364> debug:false
DEBUG	[2021-03-24 16:51:26:193] <364> encMethod:openssl
DEBUG	[2021-03-24 16:51:26:193] <364> type:cancel
DEBUG	[2021-03-24 16:51:26:193] <364> mid:Niconico88
DEBUG	[2021-03-24 16:51:26:193] <364> admin:1111
DEBUG	[2021-03-24 16:51:26:193] <364> tid:INIMX_CARDNiconico8820210324161659345670
DEBUG	[2021-03-24 16:51:26:193] <364> cancelmsg:ΌξΗΞΈτ ΏξΏµΐΪ ½ΒΐΞ ΓλΌ
INFO	[2021-03-24 16:51:26:193] <364> Check Field OK
INFO	[2021-03-24 16:51:26:193] <364> INPUT TID > INIMX_CARDNiconico8820210324161659345670
INFO	[2021-03-24 16:51:26:193] <364> PI PUB KEY LOAD OK []
INFO	[2021-03-24 16:51:26:193] <364> PG PUB KEY LOAD OK [30]
ERROR	[2021-03-24 16:51:26:193] <364> μƒμ κ°μΈν‚¤ λ΅λ“μ¤λ¥
INFO	[2021-03-24 16:51:26:316] <364> END cancel [TX9301|μƒμ κ°μΈν‚¤ λ΅λ“μ¤λ¥] Laptime:[0.123sec]
INFO	[2021-03-24 16:51:26:316] <364> ===============================================================
INFO	[2021-03-24 18:32:10:794] <16770> START INIPHP cancel (NV5053-20190404)(OS:Linux5.4.0-1029-aws,PHP:7.3.19-1+ubuntu18.04.1+deb.sury.org+1)
DEBUG	[2021-03-24 18:32:10:794] <16770> inipayhome:/home/niconicomall/www/shop/inicis
DEBUG	[2021-03-24 18:32:10:794] <16770> debug:false
DEBUG	[2021-03-24 18:32:10:794] <16770> encMethod:openssl
DEBUG	[2021-03-24 18:32:10:794] <16770> type:cancel
DEBUG	[2021-03-24 18:32:10:794] <16770> mid:Niconico88
DEBUG	[2021-03-24 18:32:10:794] <16770> admin:1111
DEBUG	[2021-03-24 18:32:10:794] <16770> tid:StdpayISP_Niconico8820210324183209078887
DEBUG	[2021-03-24 18:32:10:794] <16770> cancelmsg:DB FAIL
INFO	[2021-03-24 18:32:10:794] <16770> Check Field OK
INFO	[2021-03-24 18:32:10:794] <16770> INPUT TID > StdpayISP_Niconico8820210324183209078887
INFO	[2021-03-24 18:32:10:794] <16770> PI PUB KEY LOAD OK []
INFO	[2021-03-24 18:32:10:794] <16770> PG PUB KEY LOAD OK [30]
ERROR	[2021-03-24 18:32:10:794] <16770> μƒμ κ°μΈν‚¤ λ΅λ“μ¤λ¥
INFO	[2021-03-24 18:32:10:967] <16770> END cancel [TX9301|μƒμ κ°μΈν‚¤ λ΅λ“μ¤λ¥] Laptime:[0.173sec]
INFO	[2021-03-24 18:32:10:967] <16770> ===============================================================
