INFO	[2021-03-15 14:40:07:678] <16762> START INIPHP receipt (NV5053-20190404)(OS:Linux5.4.0-1029-aws,PHP:7.3.19-1+ubuntu18.04.1+deb.sury.org+1)
DEBUG	[2021-03-15 14:40:07:678] <16762> inipayhome:/home/niconicomall/www/shop/inicis
DEBUG	[2021-03-15 14:40:07:678] <16762> debug:false
DEBUG	[2021-03-15 14:40:07:678] <16762> encMethod:openssl
DEBUG	[2021-03-15 14:40:07:678] <16762> type:receipt
DEBUG	[2021-03-15 14:40:07:678] <16762> pgid:INIphpRECP
DEBUG	[2021-03-15 14:40:07:678] <16762> paymethod:CASH
DEBUG	[2021-03-15 14:40:07:678] <16762> currency:WON
DEBUG	[2021-03-15 14:40:07:678] <16762> admin:1111
DEBUG	[2021-03-15 14:40:07:678] <16762> mid:Niconico88
DEBUG	[2021-03-15 14:40:07:678] <16762> goodname:ª˛∑–∆ƒΩ∫Ae∑π±÷∑Ø140∏≈3∞≥ºº∆Æ
DEBUG	[2021-03-15 14:40:07:678] <16762> cr_price:48100
DEBUG	[2021-03-15 14:40:07:678] <16762> sup_price:43727
DEBUG	[2021-03-15 14:40:07:678] <16762> tax:4373
DEBUG	[2021-03-15 14:40:07:678] <16762> srvc_price:0
DEBUG	[2021-03-15 14:40:07:678] <16762> buyername:¡§¿Œ«ı
DEBUG	[2021-03-15 14:40:07:678] <16762> buyeremail:012sarangs@naver.com
DEBUG	[2021-03-15 14:40:07:678] <16762> buyertel:
DEBUG	[2021-03-15 14:40:07:678] <16762> reg_num:01086064290
DEBUG	[2021-03-15 14:40:07:678] <16762> useopt:0
DEBUG	[2021-03-15 14:40:07:678] <16762> companynumber:
INFO	[2021-03-15 14:40:07:678] <16762> Check Field OK
INFO	[2021-03-15 14:40:07:678] <16762> Make TID OK INIphpRECPNiconico8820210315144007787890
INFO	[2021-03-15 14:40:07:678] <16762> PI PUB KEY LOAD OK []
INFO	[2021-03-15 14:40:07:679] <16762> PG PUB KEY LOAD OK [30]
ERROR	[2021-03-15 14:40:07:679] <16762> ÏÉÅÏ†êÍ∞úÏù∏ÌÇ§ Î°úÎìúÏò§Î•ò
INFO	[2021-03-15 14:40:07:785] <16762> END receipt [TX9301|ÏÉÅÏ†êÍ∞úÏù∏ÌÇ§ Î°úÎìúÏò§Î•ò] Laptime:[0.107sec]
INFO	[2021-03-15 14:40:07:785] <16762> ===============================================================
