INFO	[2021-03-02 09:51:35:806] <16778> START INIPHP cancel (NV5053-20190404)(OS:Linux5.4.0-1029-aws,PHP:7.3.19-1+ubuntu18.04.1+deb.sury.org+1)
DEBUG	[2021-03-02 09:51:35:806] <16778> inipayhome:/home/niconicomall/www/shop/inicis
DEBUG	[2021-03-02 09:51:35:806] <16778> debug:false
DEBUG	[2021-03-02 09:51:35:806] <16778> encMethod:openssl
DEBUG	[2021-03-02 09:51:35:806] <16778> type:cancel
DEBUG	[2021-03-02 09:51:35:806] <16778> mid:Niconico88
DEBUG	[2021-03-02 09:51:35:806] <16778> admin:1111
DEBUG	[2021-03-02 09:51:35:806] <16778> tid:INIMX_CARDNiconico8820210301233202295034
DEBUG	[2021-03-02 09:51:35:806] <16778> cancelmsg:ºÓ«Œ∏Ù øÓøµ¿⁄ Ω¬¿Œ √Îº“
INFO	[2021-03-02 09:51:35:806] <16778> Check Field OK
INFO	[2021-03-02 09:51:35:806] <16778> INPUT TID > INIMX_CARDNiconico8820210301233202295034
INFO	[2021-03-02 09:51:35:806] <16778> PI PUB KEY LOAD OK []
INFO	[2021-03-02 09:51:35:806] <16778> PG PUB KEY LOAD OK [30]
ERROR	[2021-03-02 09:51:35:806] <16778> ÏÉÅÏ†êÍ∞úÏù∏ÌÇ§ Î°úÎìúÏò§Î•ò
INFO	[2021-03-02 09:51:35:881] <16778> END cancel [TX9301|ÏÉÅÏ†êÍ∞úÏù∏ÌÇ§ Î°úÎìúÏò§Î•ò] Laptime:[0.076sec]
INFO	[2021-03-02 09:51:35:881] <16778> ===============================================================
INFO	[2021-03-02 10:04:34:38] <366> START INIPHP cancel (NV5053-20190404)(OS:Linux5.4.0-1029-aws,PHP:7.3.19-1+ubuntu18.04.1+deb.sury.org+1)
DEBUG	[2021-03-02 10:04:34:38] <366> inipayhome:/home/niconicomall/www/shop/inicis
DEBUG	[2021-03-02 10:04:34:38] <366> debug:false
DEBUG	[2021-03-02 10:04:34:38] <366> encMethod:openssl
DEBUG	[2021-03-02 10:04:34:38] <366> type:cancel
DEBUG	[2021-03-02 10:04:34:38] <366> mid:Niconico88
DEBUG	[2021-03-02 10:04:34:38] <366> admin:1111
DEBUG	[2021-03-02 10:04:34:38] <366> tid:INIMX_ISP_Niconico8820210228201807565869
DEBUG	[2021-03-02 10:04:34:38] <366> cancelmsg:ºÓ«Œ∏Ù øÓøµ¿⁄ Ω¬¿Œ √Îº“
INFO	[2021-03-02 10:04:34:38] <366> Check Field OK
INFO	[2021-03-02 10:04:34:38] <366> INPUT TID > INIMX_ISP_Niconico8820210228201807565869
INFO	[2021-03-02 10:04:34:38] <366> PI PUB KEY LOAD OK []
INFO	[2021-03-02 10:04:34:38] <366> PG PUB KEY LOAD OK [30]
ERROR	[2021-03-02 10:04:34:38] <366> ÏÉÅÏ†êÍ∞úÏù∏ÌÇ§ Î°úÎìúÏò§Î•ò
INFO	[2021-03-02 10:04:34:117] <366> END cancel [TX9301|ÏÉÅÏ†êÍ∞úÏù∏ÌÇ§ Î°úÎìúÏò§Î•ò] Laptime:[0.079sec]
INFO	[2021-03-02 10:04:34:117] <366> ===============================================================
INFO	[2021-03-02 10:13:42:316] <16775> START INIPHP cancel (NV5053-20190404)(OS:Linux5.4.0-1029-aws,PHP:7.3.19-1+ubuntu18.04.1+deb.sury.org+1)
DEBUG	[2021-03-02 10:13:42:316] <16775> inipayhome:/home/niconicomall/www/shop/inicis
DEBUG	[2021-03-02 10:13:42:316] <16775> debug:false
DEBUG	[2021-03-02 10:13:42:316] <16775> encMethod:openssl
DEBUG	[2021-03-02 10:13:42:316] <16775> type:cancel
DEBUG	[2021-03-02 10:13:42:316] <16775> mid:Niconico88
DEBUG	[2021-03-02 10:13:42:316] <16775> admin:1111
DEBUG	[2021-03-02 10:13:42:316] <16775> tid:INIMX_CARDNiconico8820210301084652925133
DEBUG	[2021-03-02 10:13:42:316] <16775> cancelmsg:ºÓ«Œ∏Ù øÓøµ¿⁄ Ω¬¿Œ √Îº“
INFO	[2021-03-02 10:13:42:316] <16775> Check Field OK
INFO	[2021-03-02 10:13:42:316] <16775> INPUT TID > INIMX_CARDNiconico8820210301084652925133
INFO	[2021-03-02 10:13:42:316] <16775> PI PUB KEY LOAD OK []
INFO	[2021-03-02 10:13:42:317] <16775> PG PUB KEY LOAD OK [30]
ERROR	[2021-03-02 10:13:42:317] <16775> ÏÉÅÏ†êÍ∞úÏù∏ÌÇ§ Î°úÎìúÏò§Î•ò
INFO	[2021-03-02 10:13:42:424] <16775> END cancel [TX9301|ÏÉÅÏ†êÍ∞úÏù∏ÌÇ§ Î°úÎìúÏò§Î•ò] Laptime:[0.108sec]
INFO	[2021-03-02 10:13:42:425] <16775> ===============================================================
INFO	[2021-03-02 17:01:39:453] <16774> START INIPHP cancel (NV5053-20190404)(OS:Linux5.4.0-1029-aws,PHP:7.3.19-1+ubuntu18.04.1+deb.sury.org+1)
DEBUG	[2021-03-02 17:01:39:453] <16774> inipayhome:/home/niconicomall/www/shop/inicis
DEBUG	[2021-03-02 17:01:39:453] <16774> debug:false
DEBUG	[2021-03-02 17:01:39:453] <16774> encMethod:openssl
DEBUG	[2021-03-02 17:01:39:453] <16774> type:cancel
DEBUG	[2021-03-02 17:01:39:453] <16774> mid:Niconico88
DEBUG	[2021-03-02 17:01:39:453] <16774> admin:1111
DEBUG	[2021-03-02 17:01:39:453] <16774> tid:StdpayCARDNiconico8820210301165700121638
DEBUG	[2021-03-02 17:01:39:453] <16774> cancelmsg:ºÓ«Œ∏Ù øÓøµ¿⁄ Ω¬¿Œ √Îº“
INFO	[2021-03-02 17:01:39:453] <16774> Check Field OK
INFO	[2021-03-02 17:01:39:453] <16774> INPUT TID > StdpayCARDNiconico8820210301165700121638
INFO	[2021-03-02 17:01:39:453] <16774> PI PUB KEY LOAD OK []
INFO	[2021-03-02 17:01:39:453] <16774> PG PUB KEY LOAD OK [30]
ERROR	[2021-03-02 17:01:39:453] <16774> ÏÉÅÏ†êÍ∞úÏù∏ÌÇ§ Î°úÎìúÏò§Î•ò
INFO	[2021-03-02 17:01:39:530] <16774> END cancel [TX9301|ÏÉÅÏ†êÍ∞úÏù∏ÌÇ§ Î°úÎìúÏò§Î•ò] Laptime:[0.077sec]
INFO	[2021-03-02 17:01:39:530] <16774> ===============================================================
